#
# A fatal error has been detected by the Java Runtime Environment:
#
#  EXCEPTION_ACCESS_VIOLATION (0xc0000005) at pc=0x000000005b6d61ce, pid=5716, tid=168
#
# JRE version: Java(TM) SE Runtime Environment (8.0-b132) (build 1.8.0-b132)
# Java VM: Java HotSpot(TM) 64-Bit Server VM (25.0-b70 mixed mode windows-amd64 compressed oops)
# Problematic frame:
# V  [jvm.dll+0x1361ce]
#
# Failed to write core dump. Minidumps are not enabled by default on client versions of Windows
#
# If you would like to submit a bug report, please visit:
#   http://bugreport.sun.com/bugreport/crash.jsp
#

---------------  T H R E A D  ---------------

Current thread (0x000000001eb91800):  JavaThread "Thread-10" [_thread_in_vm, id=168, stack(0x000000001fd40000,0x000000001fe40000)]

siginfo: ExceptionCode=0xc0000005, reading address 0x0000000000000000

Registers:
RAX=0x0000000000000000, RBX=0x0000000000000000, RCX=0x0000000000000180, RDX=0x0000000000000000
RSP=0x000000001fe3f1e0, RBP=0x000000001fe3f440, RSI=0x000000001eb919e0, RDI=0x000000001eb91800
R8 =0x0000000002efe778, R9 =0x0000000000000000, R10=0x00007ff6616de800, R11=0x000000001f2410a0
R12=0x0000000000000000, R13=0x000000001fe3f740, R14=0x000000001fe3f708, R15=0x000000001eb91800
RIP=0x000000005b6d61ce, EFLAGS=0x0000000000010246

Top of Stack: (sp=0x000000001fe3f1e0)
0x000000001fe3f1e0:   cccccccc00000000 000000001fe3f5b8
0x000000001fe3f1f0:   000000001fe3f268 000000001f241158
0x000000001fe3f200:   0000000000000008 cccccccc00000005
0x000000001fe3f210:   000000001fe3f358 00000001800161e1
0x000000001fe3f220:   000000001fe3f240 000000001fe3f2e8
0x000000001fe3f230:   000000001fe3f358 000000001eb91800
0x000000001fe3f240:   0000000000000000 000000001fe3f290
0x000000001fe3f250:   0000000000000001 0000000000000000
0x000000001fe3f260:   0000000000000001 00000001800161ca
0x000000001fe3f270:   000000001eb919e0 000000001fe3f6d8
0x000000001fe3f280:   000000001fe3f388 000000001eb91800
0x000000001fe3f290:   000000001fe3f740 0000000000000000
0x000000001fe3f2a0:   000000001fe3f658 0000000000000001
0x000000001fe3f2b0:   000000001b7b6390 0000000180007aae
0x000000001fe3f2c0:   0000000000000001 000000000000000a
0x000000001fe3f2d0:   0000000002efe778 0000000000000000 

Instructions: (pc=0x000000005b6d61ce)
0x000000005b6d61ae:   00 48 83 7f 08 00 48 89 7c 24 58 48 c7 44 24 60
0x000000005b6d61be:   00 00 00 00 74 0a 48 8d 4c 24 58 e8 e2 5d 12 00
0x000000005b6d61ce:   48 8b 0b e8 2a 67 f2 ff 4c 8b c7 33 d2 48 8b d8
0x000000005b6d61de:   48 8b 00 48 8b cb ff 50 70 48 83 7f 08 00 74 04 


Register to memory mapping:

RAX=0x0000000000000000 is an unknown value
RBX=0x0000000000000000 is an unknown value
RCX=0x0000000000000180 is an unknown value
RDX=0x0000000000000000 is an unknown value
RSP=0x000000001fe3f1e0 is pointing into the stack for thread: 0x000000001eb91800
RBP=0x000000001fe3f440 is pointing into the stack for thread: 0x000000001eb91800
RSI=0x000000001eb919e0 is an unknown value
RDI=0x000000001eb91800 is a thread
R8 =0x0000000002efe778 is an unknown value
R9 =0x0000000000000000 is an unknown value
R10=0x00007ff6616de800 is an unknown value
R11=0x000000001f2410a0 is an unknown value
R12=0x0000000000000000 is an unknown value
R13=0x000000001fe3f740 is pointing into the stack for thread: 0x000000001eb91800
R14=0x000000001fe3f708 is pointing into the stack for thread: 0x000000001eb91800
R15=0x000000001eb91800 is a thread


Stack: [0x000000001fd40000,0x000000001fe40000],  sp=0x000000001fe3f1e0,  free space=1020k
Native frames: (J=compiled Java code, j=interpreted, Vv=VM code, C=native code)
V  [jvm.dll+0x1361ce]
C  [jna1770361791218989642.dll+0x7aae]
C  [jna1770361791218989642.dll+0xc54d]
C  [jna1770361791218989642.dll+0xc10e]
C  [jna1770361791218989642.dll+0xed9b]
C  [jna1770361791218989642.dll+0x16192]
C  0x00000000032686f6

Java frames: (J=compiled Java code, j=interpreted, Vv=VM code)
J 871  gui.windows.User32.PeekMessage(Lgui/windows/User32$MSG;Lcom/sun/jna/Pointer;III)Z (0 bytes) @ 0x0000000003268678 [0x0000000003268600+0x78]
j  gui.windows.WindowsProvider$1.run()V+82
j  java.lang.Thread.run()V+11
v  ~StubRoutines::call_stub

---------------  P R O C E S S  ---------------

Java Threads: ( => current thread )
  0x0000000020c57000 JavaThread "Thread-2" [_thread_blocked, id=5568, stack(0x000000001e680000,0x000000001e780000)]
  0x0000000020c55800 JavaThread "Thread-27" [_thread_blocked, id=5588, stack(0x0000000022fe0000,0x00000000230e0000)]
  0x0000000020c56000 JavaThread "Thread-26" [_thread_blocked, id=4484, stack(0x0000000022ee0000,0x0000000022fe0000)]
  0x0000000020c54800 JavaThread "Thread-25" [_thread_blocked, id=2076, stack(0x0000000022de0000,0x0000000022ee0000)]
  0x0000000020c54000 JavaThread "Thread-24" [_thread_blocked, id=1932, stack(0x0000000022ce0000,0x0000000022de0000)]
  0x0000000020c51000 JavaThread "Thread-23" [_thread_blocked, id=1920, stack(0x0000000022be0000,0x0000000022ce0000)]
  0x0000000020c51800 JavaThread "Thread-22" [_thread_blocked, id=4552, stack(0x0000000022ae0000,0x0000000022be0000)]
  0x0000000020c50000 JavaThread "Thread-21" [_thread_blocked, id=2608, stack(0x00000000229e0000,0x0000000022ae0000)]
  0x0000000020c52800 JavaThread "Thread-20" [_thread_blocked, id=5560, stack(0x00000000228e0000,0x00000000229e0000)]
  0x0000000020c53000 JavaThread "Thread-19" [_thread_blocked, id=4380, stack(0x00000000227e0000,0x00000000228e0000)]
  0x000000001dac4800 JavaThread "Thread-18" [_thread_blocked, id=5636, stack(0x00000000226e0000,0x00000000227e0000)]
  0x000000001dac5000 JavaThread "Thread-17" [_thread_blocked, id=5176, stack(0x00000000225e0000,0x00000000226e0000)]
  0x000000001dac3000 JavaThread "Thread-16" [_thread_blocked, id=5604, stack(0x00000000224e0000,0x00000000225e0000)]
  0x000000001dac6000 JavaThread "Thread-15" [_thread_blocked, id=5696, stack(0x00000000223e0000,0x00000000224e0000)]
  0x000000001dac3800 JavaThread "Thread-14" [_thread_blocked, id=3908, stack(0x00000000222e0000,0x00000000223e0000)]
  0x000000001dabf000 JavaThread "Thread-13" [_thread_blocked, id=3040, stack(0x00000000221e0000,0x00000000222e0000)]
  0x000000001dac1800 JavaThread "Thread-12" [_thread_blocked, id=212, stack(0x00000000220e0000,0x00000000221e0000)]
  0x000000001dac2000 JavaThread "Thread-11" [_thread_blocked, id=4172, stack(0x000000001fe40000,0x000000001ff40000)]
=>0x000000001eb91800 JavaThread "Thread-10" [_thread_in_vm, id=168, stack(0x000000001fd40000,0x000000001fe40000)]
  0x000000001eb90800 JavaThread "Thread-9" [_thread_blocked, id=1216, stack(0x000000001fc40000,0x000000001fd40000)]
  0x000000001eac5800 JavaThread "Thread-8" [_thread_blocked, id=5828, stack(0x000000001fa40000,0x000000001fb40000)]
  0x000000001eac5000 JavaThread "Thread-7" [_thread_blocked, id=1032, stack(0x000000001f940000,0x000000001fa40000)]
  0x000000001eac3000 JavaThread "Thread-6" [_thread_blocked, id=1476, stack(0x000000001f840000,0x000000001f940000)]
  0x000000001eac0800 JavaThread "Thread-5" [_thread_blocked, id=5372, stack(0x000000001f740000,0x000000001f840000)]
  0x000000001eb83800 JavaThread "Thread-4" [_thread_blocked, id=6060, stack(0x000000001f640000,0x000000001f740000)]
  0x000000001ea5d000 JavaThread "Thread-3" [_thread_blocked, id=124, stack(0x000000001f0c0000,0x000000001f1c0000)]
  0x000000001ea52000 JavaThread "Thread-1" [_thread_blocked, id=5564, stack(0x000000001ef80000,0x000000001f080000)]
  0x000000001db3d800 JavaThread "Service Thread" daemon [_thread_blocked, id=4352, stack(0x000000001e480000,0x000000001e580000)]
  0x000000001dac0000 JavaThread "C1 CompilerThread3" daemon [_thread_blocked, id=4720, stack(0x000000001e380000,0x000000001e480000)]
  0x000000001dab9800 JavaThread "C2 CompilerThread2" daemon [_thread_blocked, id=3156, stack(0x000000001e280000,0x000000001e380000)]
  0x000000001daaa000 JavaThread "C2 CompilerThread1" daemon [_thread_blocked, id=2124, stack(0x000000001e180000,0x000000001e280000)]
  0x000000001daa8000 JavaThread "C2 CompilerThread0" daemon [_thread_blocked, id=2264, stack(0x000000001e080000,0x000000001e180000)]
  0x000000001daa6800 JavaThread "Attach Listener" daemon [_thread_blocked, id=5856, stack(0x000000001df80000,0x000000001e080000)]
  0x000000001daa6000 JavaThread "Signal Dispatcher" daemon [_thread_blocked, id=4440, stack(0x000000001de80000,0x000000001df80000)]
  0x0000000002ef7000 JavaThread "Finalizer" daemon [_thread_blocked, id=2260, stack(0x000000001d980000,0x000000001da80000)]
  0x000000001babc000 JavaThread "Reference Handler" daemon [_thread_blocked, id=1400, stack(0x000000001d880000,0x000000001d980000)]
  0x0000000002dfe800 JavaThread "main" [_thread_blocked, id=3244, stack(0x0000000002c50000,0x0000000002d50000)]

Other Threads:
  0x000000001bab6800 VMThread [stack: 0x000000001d780000,0x000000001d880000] [id=4404]
  0x000000001db40800 WatcherThread [stack: 0x000000001e580000,0x000000001e680000] [id=736]

VM state:synchronizing (normal execution)

VM Mutex/Monitor currently owned by a thread:  ([mutex/lock_event])
[0x0000000002dfdcc0] Threads_lock - owner thread: 0x000000001bab6800
[0x0000000002e00850] Compile_lock - owner thread: 0x0000000020c57000

Heap:
 PSYoungGen      total 8192K, used 5702K [0x0000000773700000, 0x0000000774580000, 0x00000007c0000000)
  eden space 6656K, 62% used [0x0000000773700000,0x0000000773b11c00,0x0000000773d80000)
  from space 1536K, 99% used [0x0000000773d80000,0x0000000773effc20,0x0000000773f00000)
  to   space 2048K, 0% used [0x0000000774380000,0x0000000774380000,0x0000000774580000)
 ParOldGen       total 233984K, used 3288K [0x00000006da400000, 0x00000006e8880000, 0x0000000773700000)
  object space 233984K, 1% used [0x00000006da400000,0x00000006da736368,0x00000006e8880000)
 Metaspace       used 10776K, capacity 10862K, committed 11136K, reserved 1058816K
  class space    used 1066K, capacity 1074K, committed 1152K, reserved 1048576K

Card table byte_map: [0x00000000122c0000,0x00000000129f0000] byte_map_base: 0x000000000ebee000

Marking Bits: (ParMarkBitMap*) 0x000000005bd513b0
 Begin Bits: [0x00000000136c0000, 0x0000000017030000)
 End Bits:   [0x0000000017030000, 0x000000001a9a0000)

Polling page: 0x0000000002d50000

CodeCache: size=245760Kb used=3544Kb max_used=3554Kb free=242215Kb
 bounds [0x0000000002f00000, 0x0000000003280000, 0x0000000011f00000]
 total_blobs=1244 nmethods=897 adapters=261
 compilation: enabled

Compilation events (10 events):
Event: 13.542 Thread 0x000000001dac0000  894   !   3       com.sun.jna.Structure::write (115 bytes)
Event: 13.544 Thread 0x000000001dac0000 nmethod 894 0x0000000003274910 code [0x0000000003274c40, 0x00000000032761a8]
Event: 13.544 Thread 0x000000001dac0000  893       3       com.sun.jna.Structure::autoWrite (45 bytes)
Event: 13.544 Thread 0x000000001dac0000 nmethod 893 0x0000000003276a50 code [0x0000000003276be0, 0x0000000003276f38]
Event: 13.575 Thread 0x000000001dac0000  895       3       com.sun.jna.FromNativeContext::<init> (10 bytes)
Event: 13.575 Thread 0x000000001dac0000 nmethod 895 0x0000000003277090 code [0x00000000032771e0, 0x0000000003277390]
Event: 13.842 Thread 0x000000001daaa000  896       4       java.util.LinkedHashMap$LinkedHashIterator::hasNext (13 bytes)
Event: 13.843 Thread 0x000000001daaa000 nmethod 896 0x000000000327a0d0 code [0x000000000327a200, 0x000000000327a278]
Event: 14.279 Thread 0x000000001dac0000  897       1       java.util.concurrent.CopyOnWriteArrayList::getArray (5 bytes)
Event: 14.280 Thread 0x000000001dac0000 nmethod 897 0x0000000003279e10 code [0x0000000003279f60, 0x000000000327a070]

GC Heap History (10 events):
Event: 0.204 GC heap before
{Heap before GC invocations=7 (full 0):
 PSYoungGen      total 3072K, used 2752K [0x0000000773700000, 0x0000000773b00000, 0x00000007c0000000)
  eden space 2048K, 100% used [0x0000000773700000,0x0000000773900000,0x0000000773900000)
  from space 1024K, 68% used [0x0000000773a00000,0x0000000773ab0020,0x0000000773b00000)
  to   space 1024K, 0% used [0x0000000773900000,0x0000000773900000,0x0000000773a00000)
 ParOldGen       total 233984K, used 766K [0x00000006da400000, 0x00000006e8880000, 0x0000000773700000)
  object space 233984K, 0% used [0x00000006da400000,0x00000006da4bf938,0x00000006e8880000)
 Metaspace       used 4873K, capacity 5028K, committed 5248K, reserved 1056768K
  class space    used 557K, capacity 592K, committed 640K, reserved 1048576K
Event: 0.206 GC heap after
Heap after GC invocations=7 (full 0):
 PSYoungGen      total 3072K, used 864K [0x0000000773700000, 0x0000000773d00000, 0x00000007c0000000)
  eden space 2048K, 0% used [0x0000000773700000,0x0000000773700000,0x0000000773900000)
  from space 1024K, 84% used [0x0000000773900000,0x00000007739d8000,0x0000000773a00000)
  to   space 1024K, 0% used [0x0000000773c00000,0x0000000773c00000,0x0000000773d00000)
 ParOldGen       total 233984K, used 1141K [0x00000006da400000, 0x00000006e8880000, 0x0000000773700000)
  object space 233984K, 0% used [0x00000006da400000,0x00000006da51d4d0,0x00000006e8880000)
 Metaspace       used 4873K, capacity 5028K, committed 5248K, reserved 1056768K
  class space    used 557K, capacity 592K, committed 640K, reserved 1048576K
}
Event: 0.240 GC heap before
{Heap before GC invocations=8 (full 0):
 PSYoungGen      total 3072K, used 2912K [0x0000000773700000, 0x0000000773d00000, 0x00000007c0000000)
  eden space 2048K, 100% used [0x0000000773700000,0x0000000773900000,0x0000000773900000)
  from space 1024K, 84% used [0x0000000773900000,0x00000007739d8000,0x0000000773a00000)
  to   space 1024K, 0% used [0x0000000773c00000,0x0000000773c00000,0x0000000773d00000)
 ParOldGen       total 233984K, used 1141K [0x00000006da400000, 0x00000006e8880000, 0x0000000773700000)
  object space 233984K, 0% used [0x00000006da400000,0x00000006da51d4d0,0x00000006e8880000)
 Metaspace       used 5614K, capacity 5764K, committed 5888K, reserved 1056768K
  class space    used 642K, capacity 688K, committed 768K, reserved 1048576K
Event: 0.241 GC heap after
Heap after GC invocations=8 (full 0):
 PSYoungGen      total 5120K, used 1013K [0x0000000773700000, 0x0000000773d00000, 0x00000007c0000000)
  eden space 4096K, 0% used [0x0000000773700000,0x0000000773700000,0x0000000773b00000)
  from space 1024K, 98% used [0x0000000773c00000,0x0000000773cfd4e8,0x0000000773d00000)
  to   space 1024K, 0% used [0x0000000773b00000,0x0000000773b00000,0x0000000773c00000)
 ParOldGen       total 233984K, used 1201K [0x00000006da400000, 0x00000006e8880000, 0x0000000773700000)
  object space 233984K, 0% used [0x00000006da400000,0x00000006da52c6b0,0x00000006e8880000)
 Metaspace       used 5614K, capacity 5764K, committed 5888K, reserved 1056768K
  class space    used 642K, capacity 688K, committed 768K, reserved 1048576K
}
Event: 0.307 GC heap before
{Heap before GC invocations=9 (full 0):
 PSYoungGen      total 5120K, used 5109K [0x0000000773700000, 0x0000000773d00000, 0x00000007c0000000)
  eden space 4096K, 100% used [0x0000000773700000,0x0000000773b00000,0x0000000773b00000)
  from space 1024K, 98% used [0x0000000773c00000,0x0000000773cfd4e8,0x0000000773d00000)
  to   space 1024K, 0% used [0x0000000773b00000,0x0000000773b00000,0x0000000773c00000)
 ParOldGen       total 233984K, used 1201K [0x00000006da400000, 0x00000006e8880000, 0x0000000773700000)
  object space 233984K, 0% used [0x00000006da400000,0x00000006da52c6b0,0x00000006e8880000)
 Metaspace       used 6705K, capacity 6858K, committed 7040K, reserved 1056768K
  class space    used 761K, capacity 817K, committed 896K, reserved 1048576K
Event: 0.309 GC heap after
Heap after GC invocations=9 (full 0):
 PSYoungGen      total 5120K, used 1018K [0x0000000773700000, 0x0000000774080000, 0x00000007c0000000)
  eden space 4096K, 0% used [0x0000000773700000,0x0000000773700000,0x0000000773b00000)
  from space 1024K, 99% used [0x0000000773b00000,0x0000000773bfea10,0x0000000773c00000)
  to   space 1536K, 0% used [0x0000000773f00000,0x0000000773f00000,0x0000000774080000)
 ParOldGen       total 233984K, used 1812K [0x00000006da400000, 0x00000006e8880000, 0x0000000773700000)
  object space 233984K, 0% used [0x00000006da400000,0x00000006da5c5260,0x00000006e8880000)
 Metaspace       used 6705K, capacity 6858K, committed 7040K, reserved 1056768K
  class space    used 761K, capacity 817K, committed 896K, reserved 1048576K
}
Event: 0.423 GC heap before
{Heap before GC invocations=10 (full 0):
 PSYoungGen      total 5120K, used 5104K [0x0000000773700000, 0x0000000774080000, 0x00000007c0000000)
  eden space 4096K, 99% used [0x0000000773700000,0x0000000773afd6a0,0x0000000773b00000)
  from space 1024K, 99% used [0x0000000773b00000,0x0000000773bfea10,0x0000000773c00000)
  to   space 1536K, 0% used [0x0000000773f00000,0x0000000773f00000,0x0000000774080000)
 ParOldGen       total 233984K, used 1812K [0x00000006da400000, 0x00000006e8880000, 0x0000000773700000)
  object space 233984K, 0% used [0x00000006da400000,0x00000006da5c5260,0x00000006e8880000)
 Metaspace       used 8374K, capacity 8458K, committed 8704K, reserved 1056768K
  class space    used 953K, capacity 1009K, committed 1024K, reserved 1048576K
Event: 0.424 GC heap after
Heap after GC invocations=10 (full 0):
 PSYoungGen      total 8192K, used 1082K [0x0000000773700000, 0x0000000774080000, 0x00000007c0000000)
  eden space 6656K, 0% used [0x0000000773700000,0x0000000773700000,0x0000000773d80000)
  from space 1536K, 70% used [0x0000000773f00000,0x000000077400ebe8,0x0000000774080000)
  to   space 1536K, 0% used [0x0000000773d80000,0x0000000773d80000,0x0000000773f00000)
 ParOldGen       total 233984K, used 2292K [0x00000006da400000, 0x00000006e8880000, 0x0000000773700000)
  object space 233984K, 0% used [0x00000006da400000,0x00000006da63d260,0x00000006e8880000)
 Metaspace       used 8374K, capacity 8458K, committed 8704K, reserved 1056768K
  class space    used 953K, capacity 1009K, committed 1024K, reserved 1048576K
}
Event: 5.858 GC heap before
{Heap before GC invocations=11 (full 0):
 PSYoungGen      total 8192K, used 7571K [0x0000000773700000, 0x0000000774080000, 0x00000007c0000000)
  eden space 6656K, 97% used [0x0000000773700000,0x0000000773d563c0,0x0000000773d80000)
  from space 1536K, 70% used [0x0000000773f00000,0x000000077400ebe8,0x0000000774080000)
  to   space 1536K, 0% used [0x0000000773d80000,0x0000000773d80000,0x0000000773f00000)
 ParOldGen       total 233984K, used 2292K [0x00000006da400000, 0x00000006e8880000, 0x0000000773700000)
  object space 233984K, 0% used [0x00000006da400000,0x00000006da63d260,0x00000006e8880000)
 Metaspace       used 9854K, capacity 9934K, committed 10112K, reserved 1058816K
  class space    used 1005K, capacity 1042K, committed 1152K, reserved 1048576K
Event: 5.860 GC heap after
Heap after GC invocations=11 (full 0):
 PSYoungGen      total 8192K, used 1535K [0x0000000773700000, 0x0000000774580000, 0x00000007c0000000)
  eden space 6656K, 0% used [0x0000000773700000,0x0000000773700000,0x0000000773d80000)
  from space 1536K, 99% used [0x0000000773d80000,0x0000000773effc20,0x0000000773f00000)
  to   space 2048K, 0% used [0x0000000774380000,0x0000000774380000,0x0000000774580000)
 ParOldGen       total 233984K, used 3288K [0x00000006da400000, 0x00000006e8880000, 0x0000000773700000)
  object space 233984K, 1% used [0x00000006da400000,0x00000006da736368,0x00000006e8880000)
 Metaspace       used 9854K, capacity 9934K, committed 10112K, reserved 1058816K
  class space    used 1005K, capacity 1042K, committed 1152K, reserved 1048576K
}

Deoptimization events (1 events):
Event: 0.328 Thread 0x000000001ea52000 Uncommon trap: reason=unreached action=reinterpret pc=0x00000000030c1380 method=sun.misc.URLClassPath$JarLoader.ensureOpen()V @ 4

Internal exceptions (10 events):
Event: 6.218 Thread 0x0000000002dfe800 Exception <a 'java/security/PrivilegedActionException'> (0x00000007738f17f0) thrown at [D:\re\workspace\8-2-build-windows-amd64-cygwin\jdk8\2238\hotspot\src\share\vm\prims\jvm.cpp, line 1248]
Event: 6.219 Thread 0x0000000002dfe800 Exception <a 'java/security/PrivilegedActionException'> (0x00000007738f54e0) thrown at [D:\re\workspace\8-2-build-windows-amd64-cygwin\jdk8\2238\hotspot\src\share\vm\prims\jvm.cpp, line 1248]
Event: 6.219 Thread 0x0000000002dfe800 Exception <a 'java/security/PrivilegedActionException'> (0x00000007738f7330) thrown at [D:\re\workspace\8-2-build-windows-amd64-cygwin\jdk8\2238\hotspot\src\share\vm\prims\jvm.cpp, line 1248]
Event: 6.223 Thread 0x0000000002dfe800 Exception <a 'java/security/PrivilegedActionException'> (0x0000000773908008) thrown at [D:\re\workspace\8-2-build-windows-amd64-cygwin\jdk8\2238\hotspot\src\share\vm\prims\jvm.cpp, line 1248]
Event: 6.223 Thread 0x0000000002dfe800 Exception <a 'java/security/PrivilegedActionException'> (0x000000077390e9c8) thrown at [D:\re\workspace\8-2-build-windows-amd64-cygwin\jdk8\2238\hotspot\src\share\vm\prims\jvm.cpp, line 1248]
Event: 6.225 Thread 0x0000000002dfe800 Exception <a 'java/security/PrivilegedActionException'> (0x00000007739189f8) thrown at [D:\re\workspace\8-2-build-windows-amd64-cygwin\jdk8\2238\hotspot\src\share\vm\prims\jvm.cpp, line 1248]
Event: 6.225 Thread 0x0000000002dfe800 Exception <a 'java/security/PrivilegedActionException'> (0x000000077391aa40) thrown at [D:\re\workspace\8-2-build-windows-amd64-cygwin\jdk8\2238\hotspot\src\share\vm\prims\jvm.cpp, line 1248]
Event: 6.226 Thread 0x0000000002dfe800 Exception <a 'java/security/PrivilegedActionException'> (0x0000000773924fc8) thrown at [D:\re\workspace\8-2-build-windows-amd64-cygwin\jdk8\2238\hotspot\src\share\vm\prims\jvm.cpp, line 1248]
Event: 14.276 Thread 0x0000000002dfe800 Exception <a 'java/security/PrivilegedActionException'> (0x0000000773ac6dd8) thrown at [D:\re\workspace\8-2-build-windows-amd64-cygwin\jdk8\2238\hotspot\src\share\vm\prims\jvm.cpp, line 1248]
Event: 14.277 Thread 0x000000001ddce000 Exception <a 'java/net/SocketException': Socket closed> (0x0000000773af5ac0) thrown at [D:\re\workspace\8-2-build-windows-amd64-cygwin\jdk8\2238\hotspot\src\share\vm\prims\jni.cpp, line 742]

Events (10 events):
Event: 14.277 loading class sun/net/ConnectionResetException done
Event: 14.278 Thread 0x000000001ddce000 Thread exited: 0x000000001ddce000
Event: 14.278 loading class java/util/IdentityHashMap$KeySet
Event: 14.278 loading class java/util/IdentityHashMap$KeySet done
Event: 14.278 loading class java/util/IdentityHashMap$KeyIterator
Event: 14.278 loading class java/util/IdentityHashMap$KeyIterator done
Event: 14.278 Thread 0x0000000020c57000 Thread added: 0x0000000020c57000
Event: 14.279 Thread 0x000000001e883800 Thread added: 0x000000001e883800
Event: 14.279 Thread 0x000000001e883800 Thread exited: 0x000000001e883800
Event: 14.282 loading class java/lang/ProcessBuilder


Dynamic libraries:
0x00007ff662710000 - 0x00007ff662744000 	D:\Program Files\Java\jre8\bin\javaw.exe
0x00007ffb92580000 - 0x00007ffb92729000 	C:\Windows\SYSTEM32\ntdll.dll
0x00007ffb90860000 - 0x00007ffb9099a000 	C:\Windows\system32\KERNEL32.DLL
0x00007ffb8fc00000 - 0x00007ffb8fd0f000 	C:\Windows\system32\KERNELBASE.dll
0x00007ffb92040000 - 0x00007ffb920e5000 	C:\Windows\system32\ADVAPI32.dll
0x00007ffb901f0000 - 0x00007ffb90361000 	C:\Windows\system32\USER32.dll
0x00007ffb8dac0000 - 0x00007ffb8dd1a000 	C:\Windows\WinSxS\amd64_microsoft.windows.common-controls_6595b64144ccf1df_6.0.9600.16384_none_62475f7becb72503\COMCTL32.dll
0x00007ffb92150000 - 0x00007ffb921f7000 	C:\Windows\system32\msvcrt.dll
0x00007ffb8fe10000 - 0x00007ffb8fe67000 	C:\Windows\SYSTEM32\sechost.dll
0x00007ffb8fe70000 - 0x00007ffb8ffa6000 	C:\Windows\system32\RPCRT4.dll
0x00007ffb91e40000 - 0x00007ffb91f85000 	C:\Windows\system32\GDI32.dll
0x00007ffb90150000 - 0x00007ffb90184000 	C:\Windows\system32\IMM32.DLL
0x00007ffb92440000 - 0x00007ffb92579000 	C:\Windows\system32\MSCTF.dll
0x00007ffb8f8c0000 - 0x00007ffb8f8ef000 	C:\Windows\system32\nvinitx.dll
0x000000005c200000 - 0x000000005c2d2000 	D:\Program Files\Java\jre8\bin\msvcr100.dll
0x000000005b5a0000 - 0x000000005bdca000 	D:\Program Files\Java\jre8\bin\server\jvm.dll
0x00007ffb81b10000 - 0x00007ffb81b19000 	C:\Windows\SYSTEM32\WSOCK32.dll
0x00007ffb8d5a0000 - 0x00007ffb8d5bf000 	C:\Windows\SYSTEM32\WINMM.dll
0x00007ffb909a0000 - 0x00007ffb909a7000 	C:\Windows\system32\PSAPI.DLL
0x00007ffb920f0000 - 0x00007ffb92148000 	C:\Windows\system32\WS2_32.dll
0x00007ffb8d4f0000 - 0x00007ffb8d51a000 	C:\Windows\SYSTEM32\WINMMBASE.dll
0x00007ffb90370000 - 0x00007ffb90379000 	C:\Windows\system32\NSI.dll
0x00007ffb8fd10000 - 0x00007ffb8fd5a000 	C:\Windows\SYSTEM32\cfgmgr32.dll
0x00007ffb8e760000 - 0x00007ffb8e786000 	C:\Windows\SYSTEM32\DEVOBJ.dll
0x000000005c1f0000 - 0x000000005c1ff000 	D:\Program Files\Java\jre8\bin\verify.dll
0x000000005c1c0000 - 0x000000005c1e8000 	D:\Program Files\Java\jre8\bin\java.dll
0x000000005c1a0000 - 0x000000005c1b6000 	D:\Program Files\Java\jre8\bin\zip.dll
0x00007ffb90a30000 - 0x00007ffb91e3e000 	C:\Windows\system32\SHELL32.dll
0x00007ffb90500000 - 0x00007ffb906d7000 	C:\Windows\SYSTEM32\combase.dll
0x00007ffb923e0000 - 0x00007ffb92431000 	C:\Windows\system32\SHLWAPI.dll
0x00007ffb8df00000 - 0x00007ffb8dfa1000 	C:\Windows\SYSTEM32\SHCORE.dll
0x00007ffb8f900000 - 0x00007ffb8f914000 	C:\Windows\SYSTEM32\profapi.dll
0x000000005c180000 - 0x000000005c19a000 	D:\Program Files\Java\jre8\bin\net.dll
0x00007ffb8f130000 - 0x00007ffb8f188000 	C:\Windows\system32\mswsock.dll
0x00007ffb8ef40000 - 0x00007ffb8efe3000 	C:\Windows\SYSTEM32\DNSAPI.dll
0x00007ffb8a480000 - 0x00007ffb8a489000 	C:\Windows\System32\rasadhlp.dll
0x00007ffb89210000 - 0x00007ffb89239000 	C:\Windows\SYSTEM32\IPHLPAPI.DLL
0x00007ffb89330000 - 0x00007ffb8933a000 	C:\Windows\SYSTEM32\WINNSI.DLL
0x00007ffb88f00000 - 0x00007ffb88f67000 	C:\Windows\System32\fwpuclnt.dll
0x00007ffb8f190000 - 0x00007ffb8f1ae000 	C:\Windows\SYSTEM32\CRYPTSP.dll
0x00007ffb8edd0000 - 0x00007ffb8ee05000 	C:\Windows\system32\rsaenh.dll
0x00007ffb8f3c0000 - 0x00007ffb8f3e6000 	C:\Windows\SYSTEM32\bcrypt.dll
0x00007ffb8eee0000 - 0x00007ffb8eeff000 	C:\Windows\SYSTEM32\USERENV.dll
0x00007ffb8f6e0000 - 0x00007ffb8f73e000 	C:\Windows\system32\bcryptprimitives.dll
0x00007ffb8f740000 - 0x00007ffb8f74a000 	C:\Windows\SYSTEM32\CRYPTBASE.dll
0x00007ffb7bc40000 - 0x00007ffb7bc54000 	C:\Windows\system32\napinsp.dll
0x00007ffb7bc20000 - 0x00007ffb7bc39000 	C:\Windows\system32\pnrpnsp.dll
0x00007ffb8c870000 - 0x00007ffb8c889000 	C:\Windows\system32\NLAapi.dll
0x00007ffb7bc10000 - 0x00007ffb7bc1c000 	C:\Windows\System32\winrnr.dll
0x000000005c160000 - 0x000000005c171000 	D:\Program Files\Java\jre8\bin\nio.dll
0x0000000180000000 - 0x0000000180037000 	D:\UserTemp\jna1770361791218989642.dll
0x00007ffb7ed90000 - 0x00007ffb7ef18000 	C:\Windows\SYSTEM32\dbghelp.dll

VM Arguments:
jvm_args: -Dfile.encoding=Cp1252 
java_command: org.eclipse.jdt.internal.junit.runner.RemoteTestRunner -version 3 -port 64902 -testLoaderClass org.eclipse.jdt.internal.junit4.runner.JUnit4TestLoader -loaderpluginname org.eclipse.jdt.junit4.runtime -classNames gui.TaskBoxUITest
java_class_path (initial): D:\Documents\main\bin;D:\Documents\main\resource\natty.jar;D:\Documents\main\resource\json-simple-1.1.1.jar;D:\Documents\main\resource\swt.jar;D:\Documents\main\resource\google-api-client-1.18.0-rc-sources.jar;D:\Documents\main\resource\google-api-client-appengine-1.18.0-rc-sources.jar;D:\Documents\main\resource\google-api-client-servlet-1.18.0-rc-sources.jar;D:\Documents\main\resource\google-http-client-1.18.0-rc-sources.jar;D:\Documents\main\resource\google-http-client-appengine-1.18.0-rc-sources.jar;D:\Documents\main\resource\google-http-client-gson-1.18.0-rc-sources.jar;D:\Documents\main\resource\google-http-client-jackson2-1.18.0-rc-sources.jar;D:\Documents\main\resource\google-http-client-jdo-1.18.0-rc-sources.jar;D:\Documents\main\resource\google-oauth-client-1.18.0-rc-sources.jar;D:\Documents\main\resource\google-oauth-client-appengine-1.18.0-rc-sources.jar;D:\Documents\main\resource\google-oauth-client-servlet-1.18.0-rc-sources.jar;D:\Documents\main\resource\gson-2.1-sources.jar;D:\Documents\main\resource\jackson-core-2.1.3-sources.jar;D:\Documents\main\resource\jdo2-api-2.3-eb-sources.jar;D:\Documents\main\resource\google-api-client-1.18.0-rc.jar;D:\Documents\main\resource\google-api-client-appengine-1.18.0-rc.jar;D:\Documents\main\resource\google-api-client-servlet-1.18.0-rc.jar;D:\Documents\main\resource\google-http-client-1.18.0-rc.jar;D:\Documents\main\resource\google-http-client-appengine-1.18.0-rc.jar;D:\Documents\main\resource\google-http-client-gson-1.18.0-rc.jar;D:\Documents\main\resource\google-http-client-jackson2-1.18.0-rc.jar;D:\Documents\main\resource\google-http-client-jdo-1.18.0-rc.jar;D:\Documents\main\resource\google-oauth-client-1.18.0-rc.jar;D:\Documents\main\resource\google-oauth-client-appengine-1.18.0-rc.jar;D:\Documents\main\resource\google-oauth-client-servlet-1.18.0-rc.jar;D:\Documents\main\resource\gson-2.1.jar;D:\Documents\main\resource\jackson-core-2.1.3.jar;D:\Documents\main\resource\jdo2-api-2.3-e
Launcher Type: SUN_STANDARD

Environment Variables:
PATH=C:\Windows\system32;C:\Windows;C:\Windows\System32\Wbem;C:\Windows\System32\WindowsPowerShell\v1.0\;D:\Program Files\nodejs\;D:\Program Files\Java\jdk1.8.0\bin;D:\Program Files\Java\jre8\bin;C:\Program Files (x86)\Windows Kits\8.1\Windows Performance Toolkit\;C:\Program Files (x86)\Microsoft SDKs\TypeScript\1.0\;D:\Program Files\MATLAB\R2014a\runtime\win64;D:\Program Files\MATLAB\R2014a\bin;D:\Program Files\MATLAB\R2014a\polyspace\bin;D:\RailsInstaller\Git\cmd;D:\RailsInstaller\Ruby1.9.3\bin;C:\Users\Alex\AppData\Roaming\npm;.;;.;;.;
USERNAME=Alex
OS=Windows_NT
PROCESSOR_IDENTIFIER=Intel64 Family 6 Model 58 Stepping 9, GenuineIntel



---------------  S Y S T E M  ---------------

OS: Windows 8.1 , 64 bit Build 9600 

CPU:total 8 (4 cores per cpu, 2 threads per core) family 6 model 58 stepping 9, cmov, cx8, fxsr, mmx, sse, sse2, sse3, ssse3, sse4.1, sse4.2, popcnt, avx, aes, clmul, erms, ht, tsc, tscinvbit

Memory: 4k page, physical 15049064k(11072016k free), swap 30253416k(24661920k free)

vm_info: Java HotSpot(TM) 64-Bit Server VM (25.0-b70) for windows-amd64 JRE (1.8.0-b132), built on Mar  4 2014 03:46:18 by "java_re" with MS VC++ 10.0 (VS2010)

time: Mon Nov 10 06:52:07 2014
elapsed time: 14 seconds

