#
# A fatal error has been detected by the Java Runtime Environment:
#
#  EXCEPTION_ACCESS_VIOLATION (0xc0000005) at pc=0x000000005b6d61ce, pid=5756, tid=4144
#
# JRE version: Java(TM) SE Runtime Environment (8.0-b132) (build 1.8.0-b132)
# Java VM: Java HotSpot(TM) 64-Bit Server VM (25.0-b70 mixed mode windows-amd64 compressed oops)
# Problematic frame:
# V  [jvm.dll+0x1361ce]
#
# Failed to write core dump. Minidumps are not enabled by default on client versions of Windows
#
# If you would like to submit a bug report, please visit:
#   http://bugreport.sun.com/bugreport/crash.jsp
#

---------------  T H R E A D  ---------------

Current thread (0x000000001edc5800):  JavaThread "Thread-1" [_thread_in_vm, id=4144, stack(0x000000001f120000,0x000000001f220000)]

siginfo: ExceptionCode=0xc0000005, reading address 0x0000000000000000

Registers:
RAX=0x0000000000000000, RBX=0x0000000000000000, RCX=0x0000000000000580, RDX=0x0000000000000000
RSP=0x000000001f21f1f0, RBP=0x000000001f21f450, RSI=0x000000001edc59e0, RDI=0x000000001edc5800
R8 =0x000000000308e6b8, R9 =0x0000000000000000, R10=0x00007ff66169e800, R11=0x000000001f2910a0
R12=0x0000000000000000, R13=0x000000001b999370, R14=0x000000001f21f780, R15=0x000000001edc5800
RIP=0x000000005b6d61ce, EFLAGS=0x0000000000010246

Top of Stack: (sp=0x000000001f21f1f0)
0x000000001f21f1f0:   cccccccc00000000 000000001f21f5c8
0x000000001f21f200:   000000001f21f278 000000001f291158
0x000000001f21f210:   0000000000000008 cccccccc00000005
0x000000001f21f220:   000000001f21f368 00000001800161e1
0x000000001f21f230:   000000001f21f250 000000001f21f2f8
0x000000001f21f240:   000000001f21f368 000000001edc5800
0x000000001f21f250:   0000000000000000 000000001f21f2a0
0x000000001f21f260:   0000000040200020 0000000000000000
0x000000001f21f270:   0000000000000001 00000001800161ca
0x000000001f21f280:   000000001edc59e0 000000001f21f780
0x000000001f21f290:   000000001f21f398 000000001edc5800
0x000000001f21f2a0:   000000001b999370 0000000000000000
0x000000001f21f2b0:   000000001f21f668 0000000040200020
0x000000001f21f2c0:   000000001b999370 0000000180007aae
0x000000001f21f2d0:   0000000040200020 000000000000000a
0x000000001f21f2e0:   000000000308e6b8 0000000000000000 

Instructions: (pc=0x000000005b6d61ce)
0x000000005b6d61ae:   00 48 83 7f 08 00 48 89 7c 24 58 48 c7 44 24 60
0x000000005b6d61be:   00 00 00 00 74 0a 48 8d 4c 24 58 e8 e2 5d 12 00
0x000000005b6d61ce:   48 8b 0b e8 2a 67 f2 ff 4c 8b c7 33 d2 48 8b d8
0x000000005b6d61de:   48 8b 00 48 8b cb ff 50 70 48 83 7f 08 00 74 04 


Register to memory mapping:

RAX=0x0000000000000000 is an unknown value
RBX=0x0000000000000000 is an unknown value
RCX=0x0000000000000580 is an unknown value
RDX=0x0000000000000000 is an unknown value
RSP=0x000000001f21f1f0 is pointing into the stack for thread: 0x000000001edc5800
RBP=0x000000001f21f450 is pointing into the stack for thread: 0x000000001edc5800
RSI=0x000000001edc59e0 is an unknown value
RDI=0x000000001edc5800 is a thread
R8 =0x000000000308e6b8 is an unknown value
R9 =0x0000000000000000 is an unknown value
R10=0x00007ff66169e800 is an unknown value
R11=0x000000001f2910a0 is an unknown value
R12=0x0000000000000000 is an unknown value
R13=0x000000001b999370 is an unknown value
R14=0x000000001f21f780 is pointing into the stack for thread: 0x000000001edc5800
R15=0x000000001edc5800 is a thread


Stack: [0x000000001f120000,0x000000001f220000],  sp=0x000000001f21f1f0,  free space=1020k
Native frames: (J=compiled Java code, j=interpreted, Vv=VM code, C=native code)
V  [jvm.dll+0x1361ce]
C  [jna8690977877009053015.dll+0x7aae]
C  [jna8690977877009053015.dll+0xc54d]
C  [jna8690977877009053015.dll+0xc10e]
C  [jna8690977877009053015.dll+0xed9b]
C  [jna8690977877009053015.dll+0x16192]
C  0x00000000030a51ae

Java frames: (J=compiled Java code, j=interpreted, Vv=VM code)
j  gui.windows.User32.PeekMessage(Lgui/windows/User32$MSG;Lcom/sun/jna/Pointer;III)Z+0
j  gui.windows.WindowsProvider$1.run()V+82
j  java.lang.Thread.run()V+11
v  ~StubRoutines::call_stub

---------------  P R O C E S S  ---------------

Java Threads: ( => current thread )
  0x000000001ebb8000 JavaThread "Thread-2" [_thread_blocked, id=36, stack(0x000000001e820000,0x000000001e920000)]
  0x000000001ebb8800 JavaThread "Thread-21" [_thread_blocked, id=4960, stack(0x0000000022b30000,0x0000000022c30000)]
  0x000000001ebde800 JavaThread "Thread-20" [_thread_blocked, id=4216, stack(0x0000000022a30000,0x0000000022b30000)]
  0x000000001ebde000 JavaThread "Thread-19" [_thread_blocked, id=2460, stack(0x0000000022930000,0x0000000022a30000)]
  0x000000001ebda000 JavaThread "Thread-18" [_thread_blocked, id=4820, stack(0x0000000022830000,0x0000000022930000)]
  0x000000001ebdd000 JavaThread "Thread-17" [_thread_blocked, id=1168, stack(0x0000000022730000,0x0000000022830000)]
  0x000000001ebdc800 JavaThread "Thread-16" [_thread_blocked, id=204, stack(0x0000000022630000,0x0000000022730000)]
  0x000000001ebdb800 JavaThread "Thread-15" [_thread_blocked, id=5816, stack(0x0000000022530000,0x0000000022630000)]
  0x000000001ebd8000 JavaThread "Thread-14" [_thread_blocked, id=3452, stack(0x0000000022430000,0x0000000022530000)]
  0x000000001ebd8800 JavaThread "Thread-13" [_thread_blocked, id=5312, stack(0x0000000022330000,0x0000000022430000)]
  0x000000001ebd9800 JavaThread "Thread-12" [_thread_blocked, id=4460, stack(0x0000000022230000,0x0000000022330000)]
  0x000000001ebdb000 JavaThread "Thread-11" [_thread_blocked, id=448, stack(0x000000001ff90000,0x0000000020090000)]
  0x000000001ed53000 JavaThread "Thread-10" [_thread_blocked, id=4764, stack(0x000000001fe90000,0x000000001ff90000)]
  0x000000001ed50800 JavaThread "Thread-9" [_thread_blocked, id=728, stack(0x000000001fd90000,0x000000001fe90000)]
  0x000000001ed4d000 JavaThread "Thread-8" [_thread_blocked, id=2116, stack(0x000000001fb90000,0x000000001fc90000)]
  0x000000001ed4c800 JavaThread "Thread-7" [_thread_blocked, id=916, stack(0x000000001fa90000,0x000000001fb90000)]
  0x000000001ed41800 JavaThread "Thread-6" [_thread_blocked, id=5744, stack(0x000000001f990000,0x000000001fa90000)]
  0x000000001ee42800 JavaThread "Thread-5" [_thread_blocked, id=2584, stack(0x000000001f890000,0x000000001f990000)]
  0x000000001ee41000 JavaThread "Thread-4" [_thread_blocked, id=1440, stack(0x000000001f790000,0x000000001f890000)]
  0x000000001ee40000 JavaThread "Thread-3" [_thread_blocked, id=6092, stack(0x000000001f690000,0x000000001f790000)]
=>0x000000001edc5800 JavaThread "Thread-1" [_thread_in_vm, id=4144, stack(0x000000001f120000,0x000000001f220000)]
  0x000000001dcde000 JavaThread "Service Thread" daemon [_thread_blocked, id=3416, stack(0x000000001e620000,0x000000001e720000)]
  0x000000001dc61800 JavaThread "C1 CompilerThread3" daemon [_thread_blocked, id=3792, stack(0x000000001e520000,0x000000001e620000)]
  0x000000001dc5e000 JavaThread "C2 CompilerThread2" daemon [_thread_blocked, id=4088, stack(0x000000001e420000,0x000000001e520000)]
  0x000000001dc49800 JavaThread "C2 CompilerThread1" daemon [_thread_blocked, id=5144, stack(0x000000001e320000,0x000000001e420000)]
  0x000000001dc47800 JavaThread "C2 CompilerThread0" daemon [_thread_blocked, id=5580, stack(0x000000001e220000,0x000000001e320000)]
  0x000000001dc46000 JavaThread "Attach Listener" daemon [_thread_blocked, id=864, stack(0x000000001e120000,0x000000001e220000)]
  0x000000001dc50800 JavaThread "Signal Dispatcher" daemon [_thread_blocked, id=5852, stack(0x000000001e020000,0x000000001e120000)]
  0x0000000003087000 JavaThread "Finalizer" daemon [_thread_blocked, id=1740, stack(0x000000001db20000,0x000000001dc20000)]
  0x000000001bc4c000 JavaThread "Reference Handler" daemon [_thread_blocked, id=5452, stack(0x000000001da20000,0x000000001db20000)]
  0x0000000002e2e800 JavaThread "main" [_thread_blocked, id=5588, stack(0x0000000002e90000,0x0000000002f90000)]

Other Threads:
  0x000000001bc46800 VMThread [stack: 0x000000001d920000,0x000000001da20000] [id=2068]
  0x000000001dce2000 WatcherThread [stack: 0x000000001e720000,0x000000001e820000] [id=1484]

VM state:synchronizing (normal execution)

VM Mutex/Monitor currently owned by a thread:  ([mutex/lock_event])
[0x0000000002e2dec0] Threads_lock - owner thread: 0x000000001bc46800
[0x0000000002f91dd0] Compile_lock - owner thread: 0x000000001ebb8000

Heap:
 PSYoungGen      total 11776K, used 2725K [0x0000000773700000, 0x0000000774780000, 0x00000007c0000000)
  eden space 9728K, 7% used [0x0000000773700000,0x00000007737af218,0x0000000774080000)
  from space 2048K, 98% used [0x0000000774380000,0x000000077457a5c0,0x0000000774580000)
  to   space 3072K, 0% used [0x0000000774080000,0x0000000774080000,0x0000000774380000)
 ParOldGen       total 233984K, used 2384K [0x00000006da400000, 0x00000006e8880000, 0x0000000773700000)
  object space 233984K, 1% used [0x00000006da400000,0x00000006da654318,0x00000006e8880000)
 Metaspace       used 10803K, capacity 10894K, committed 11136K, reserved 1058816K
  class space    used 1080K, capacity 1106K, committed 1152K, reserved 1048576K

Card table byte_map: [0x0000000012450000,0x0000000012b80000] byte_map_base: 0x000000000ed7e000

Marking Bits: (ParMarkBitMap*) 0x000000005bd513b0
 Begin Bits: [0x0000000013850000, 0x00000000171c0000)
 End Bits:   [0x00000000171c0000, 0x000000001ab30000)

Polling page: 0x0000000002dd0000

CodeCache: size=245760Kb used=3543Kb max_used=3543Kb free=242216Kb
 bounds [0x0000000003090000, 0x0000000003410000, 0x0000000012090000]
 total_blobs=1197 nmethods=850 adapters=261
 compilation: enabled

Compilation events (10 events):
Event: 11.174 Thread 0x000000001dc61800  847       3       com.sun.jna.Memory::getLong (14 bytes)
Event: 11.174 Thread 0x000000001dc61800 nmethod 847 0x00000000033fba50 code [0x00000000033fbbc0, 0x00000000033fbe78]
Event: 11.450 Thread 0x000000001dc61800  848       3       java.nio.CharBuffer::arrayOffset (35 bytes)
Event: 11.450 Thread 0x000000001dc61800 nmethod 848 0x00000000033fb490 code [0x00000000033fb620, 0x00000000033fb918]
Event: 11.453 Thread 0x000000001dc61800  849       3       sun.util.calendar.BaseCalendar::getGregorianYearFromFixedDate (201 bytes)
Event: 11.455 Thread 0x000000001dc61800 nmethod 849 0x0000000003401650 code [0x0000000003401860, 0x00000000034025f0]
Event: 11.468 Thread 0x000000001dc61800  850   !   3       com.sun.jna.Structure::read (174 bytes)
Event: 11.471 Thread 0x000000001dc61800 nmethod 850 0x0000000003403190 code [0x0000000003403620, 0x0000000003405a68]
Event: 11.474 Thread 0x000000001dc61800  851   !   3       com.sun.jna.Structure::write (115 bytes)
Event: 11.476 Thread 0x000000001dc61800 nmethod 851 0x00000000034066d0 code [0x0000000003406a00, 0x0000000003407f68]

GC Heap History (10 events):
Event: 0.282 GC heap before
{Heap before GC invocations=6 (full 0):
 PSYoungGen      total 2560K, used 2528K [0x0000000773700000, 0x0000000773d00000, 0x00000007c0000000)
  eden space 2048K, 100% used [0x0000000773700000,0x0000000773900000,0x0000000773900000)
  from space 512K, 93% used [0x0000000773900000,0x0000000773978020,0x0000000773980000)
  to   space 1024K, 0% used [0x0000000773c00000,0x0000000773c00000,0x0000000773d00000)
 ParOldGen       total 233984K, used 741K [0x00000006da400000, 0x00000006e8880000, 0x0000000773700000)
  object space 233984K, 0% used [0x00000006da400000,0x00000006da4b9708,0x00000006e8880000)
 Metaspace       used 5121K, capacity 5252K, committed 5504K, reserved 1056768K
  class space    used 588K, capacity 624K, committed 640K, reserved 1048576K
Event: 0.284 GC heap after
Heap after GC invocations=6 (full 0):
 PSYoungGen      total 4608K, used 912K [0x0000000773700000, 0x0000000773e00000, 0x00000007c0000000)
  eden space 3584K, 0% used [0x0000000773700000,0x0000000773700000,0x0000000773a80000)
  from space 1024K, 89% used [0x0000000773c00000,0x0000000773ce4010,0x0000000773d00000)
  to   space 1536K, 0% used [0x0000000773a80000,0x0000000773a80000,0x0000000773c00000)
 ParOldGen       total 233984K, used 749K [0x00000006da400000, 0x00000006e8880000, 0x0000000773700000)
  object space 233984K, 0% used [0x00000006da400000,0x00000006da4bb708,0x00000006e8880000)
 Metaspace       used 5121K, capacity 5252K, committed 5504K, reserved 1056768K
  class space    used 588K, capacity 624K, committed 640K, reserved 1048576K
}
Event: 0.362 GC heap before
{Heap before GC invocations=7 (full 0):
 PSYoungGen      total 4608K, used 4496K [0x0000000773700000, 0x0000000773e00000, 0x00000007c0000000)
  eden space 3584K, 100% used [0x0000000773700000,0x0000000773a80000,0x0000000773a80000)
  from space 1024K, 89% used [0x0000000773c00000,0x0000000773ce4010,0x0000000773d00000)
  to   space 1536K, 0% used [0x0000000773a80000,0x0000000773a80000,0x0000000773c00000)
 ParOldGen       total 233984K, used 749K [0x00000006da400000, 0x00000006e8880000, 0x0000000773700000)
  object space 233984K, 0% used [0x00000006da400000,0x00000006da4bb708,0x00000006e8880000)
 Metaspace       used 6238K, capacity 6346K, committed 6400K, reserved 1056768K
  class space    used 717K, capacity 753K, committed 768K, reserved 1048576K
Event: 0.364 GC heap after
Heap after GC invocations=7 (full 0):
 PSYoungGen      total 5120K, used 1450K [0x0000000773700000, 0x0000000774100000, 0x00000007c0000000)
  eden space 3584K, 0% used [0x0000000773700000,0x0000000773700000,0x0000000773a80000)
  from space 1536K, 94% used [0x0000000773a80000,0x0000000773beaad8,0x0000000773c00000)
  to   space 1536K, 0% used [0x0000000773f80000,0x0000000773f80000,0x0000000774100000)
 ParOldGen       total 233984K, used 989K [0x00000006da400000, 0x00000006e8880000, 0x0000000773700000)
  object space 233984K, 0% used [0x00000006da400000,0x00000006da4f7758,0x00000006e8880000)
 Metaspace       used 6238K, capacity 6346K, committed 6400K, reserved 1056768K
  class space    used 717K, capacity 753K, committed 768K, reserved 1048576K
}
Event: 0.435 GC heap before
{Heap before GC invocations=8 (full 0):
 PSYoungGen      total 5120K, used 5022K [0x0000000773700000, 0x0000000774100000, 0x00000007c0000000)
  eden space 3584K, 99% used [0x0000000773700000,0x0000000773a7cfc0,0x0000000773a80000)
  from space 1536K, 94% used [0x0000000773a80000,0x0000000773beaad8,0x0000000773c00000)
  to   space 1536K, 0% used [0x0000000773f80000,0x0000000773f80000,0x0000000774100000)
 ParOldGen       total 233984K, used 989K [0x00000006da400000, 0x00000006e8880000, 0x0000000773700000)
  object space 233984K, 0% used [0x00000006da400000,0x00000006da4f7758,0x00000006e8880000)
 Metaspace       used 7399K, capacity 7466K, committed 7680K, reserved 1056768K
  class space    used 858K, capacity 913K, committed 1024K, reserved 1048576K
Event: 0.437 GC heap after
Heap after GC invocations=8 (full 0):
 PSYoungGen      total 8192K, used 1529K [0x0000000773700000, 0x0000000774200000, 0x00000007c0000000)
  eden space 6656K, 0% used [0x0000000773700000,0x0000000773700000,0x0000000773d80000)
  from space 1536K, 99% used [0x0000000773f80000,0x00000007740fe598,0x0000000774100000)
  to   space 2048K, 0% used [0x0000000773d80000,0x0000000773d80000,0x0000000773f80000)
 ParOldGen       total 233984K, used 1202K [0x00000006da400000, 0x00000006e8880000, 0x0000000773700000)
  object space 233984K, 0% used [0x00000006da400000,0x00000006da52cac0,0x00000006e8880000)
 Metaspace       used 7399K, capacity 7466K, committed 7680K, reserved 1056768K
  class space    used 858K, capacity 913K, committed 1024K, reserved 1048576K
}
Event: 5.536 GC heap before
{Heap before GC invocations=9 (full 0):
 PSYoungGen      total 8192K, used 7563K [0x0000000773700000, 0x0000000774200000, 0x00000007c0000000)
  eden space 6656K, 90% used [0x0000000773700000,0x0000000773ce4710,0x0000000773d80000)
  from space 1536K, 99% used [0x0000000773f80000,0x00000007740fe598,0x0000000774100000)
  to   space 2048K, 0% used [0x0000000773d80000,0x0000000773d80000,0x0000000773f80000)
 ParOldGen       total 233984K, used 1202K [0x00000006da400000, 0x00000006e8880000, 0x0000000773700000)
  object space 233984K, 0% used [0x00000006da400000,0x00000006da52cac0,0x00000006e8880000)
 Metaspace       used 8813K, capacity 8880K, committed 9088K, reserved 1056768K
  class space    used 987K, capacity 1042K, committed 1152K, reserved 1048576K
Event: 5.538 GC heap after
Heap after GC invocations=9 (full 0):
 PSYoungGen      total 8704K, used 1856K [0x0000000773700000, 0x0000000774580000, 0x00000007c0000000)
  eden space 6656K, 0% used [0x0000000773700000,0x0000000773700000,0x0000000773d80000)
  from space 2048K, 90% used [0x0000000773d80000,0x0000000773f50360,0x0000000773f80000)
  to   space 2048K, 0% used [0x0000000774380000,0x0000000774380000,0x0000000774580000)
 ParOldGen       total 233984K, used 1702K [0x00000006da400000, 0x00000006e8880000, 0x0000000773700000)
  object space 233984K, 0% used [0x00000006da400000,0x00000006da5a9b10,0x00000006e8880000)
 Metaspace       used 8813K, capacity 8880K, committed 9088K, reserved 1056768K
  class space    used 987K, capacity 1042K, committed 1152K, reserved 1048576K
}
Event: 10.367 GC heap before
{Heap before GC invocations=10 (full 0):
 PSYoungGen      total 8704K, used 8512K [0x0000000773700000, 0x0000000774580000, 0x00000007c0000000)
  eden space 6656K, 100% used [0x0000000773700000,0x0000000773d80000,0x0000000773d80000)
  from space 2048K, 90% used [0x0000000773d80000,0x0000000773f50360,0x0000000773f80000)
  to   space 2048K, 0% used [0x0000000774380000,0x0000000774380000,0x0000000774580000)
 ParOldGen       total 233984K, used 1702K [0x00000006da400000, 0x00000006e8880000, 0x0000000773700000)
  object space 233984K, 0% used [0x00000006da400000,0x00000006da5a9b10,0x00000006e8880000)
 Metaspace       used 10748K, capacity 10830K, committed 11136K, reserved 1058816K
  class space    used 1073K, capacity 1106K, committed 1152K, reserved 1048576K
Event: 10.372 GC heap after
Heap after GC invocations=10 (full 0):
 PSYoungGen      total 11776K, used 2025K [0x0000000773700000, 0x0000000774780000, 0x00000007c0000000)
  eden space 9728K, 0% used [0x0000000773700000,0x0000000773700000,0x0000000774080000)
  from space 2048K, 98% used [0x0000000774380000,0x000000077457a5c0,0x0000000774580000)
  to   space 3072K, 0% used [0x0000000774080000,0x0000000774080000,0x0000000774380000)
 ParOldGen       total 233984K, used 2384K [0x00000006da400000, 0x00000006e8880000, 0x0000000773700000)
  object space 233984K, 1% used [0x00000006da400000,0x00000006da654318,0x00000006e8880000)
 Metaspace       used 10748K, capacity 10830K, committed 11136K, reserved 1058816K
  class space    used 1073K, capacity 1106K, committed 1152K, reserved 1048576K
}

Deoptimization events (1 events):
Event: 0.422 Thread 0x000000001edc5800 Uncommon trap: reason=unreached action=reinterpret pc=0x0000000003264d00 method=sun.misc.URLClassPath$JarLoader.ensureOpen()V @ 4

Internal exceptions (10 events):
Event: 6.646 Thread 0x0000000002e2e800 Exception <a 'java/security/PrivilegedActionException'> (0x0000000773c37e08) thrown at [D:\re\workspace\8-2-build-windows-amd64-cygwin\jdk8\2238\hotspot\src\share\vm\prims\jvm.cpp, line 1248]
Event: 6.646 Thread 0x0000000002e2e800 Exception <a 'java/security/PrivilegedActionException'> (0x0000000773c403d0) thrown at [D:\re\workspace\8-2-build-windows-amd64-cygwin\jdk8\2238\hotspot\src\share\vm\prims\jvm.cpp, line 1248]
Event: 6.647 Thread 0x0000000002e2e800 Exception <a 'java/security/PrivilegedActionException'> (0x0000000773c47a70) thrown at [D:\re\workspace\8-2-build-windows-amd64-cygwin\jdk8\2238\hotspot\src\share\vm\prims\jvm.cpp, line 1248]
Event: 6.647 Thread 0x0000000002e2e800 Exception <a 'java/security/PrivilegedActionException'> (0x0000000773c4f6a0) thrown at [D:\re\workspace\8-2-build-windows-amd64-cygwin\jdk8\2238\hotspot\src\share\vm\prims\jvm.cpp, line 1248]
Event: 6.647 Thread 0x0000000002e2e800 Exception <a 'java/security/PrivilegedActionException'> (0x0000000773c55ef0) thrown at [D:\re\workspace\8-2-build-windows-amd64-cygwin\jdk8\2238\hotspot\src\share\vm\prims\jvm.cpp, line 1248]
Event: 6.648 Thread 0x0000000002e2e800 Exception <a 'java/security/PrivilegedActionException'> (0x0000000773c5c6b8) thrown at [D:\re\workspace\8-2-build-windows-amd64-cygwin\jdk8\2238\hotspot\src\share\vm\prims\jvm.cpp, line 1248]
Event: 6.648 Thread 0x0000000002e2e800 Exception <a 'java/security/PrivilegedActionException'> (0x0000000773c65148) thrown at [D:\re\workspace\8-2-build-windows-amd64-cygwin\jdk8\2238\hotspot\src\share\vm\prims\jvm.cpp, line 1248]
Event: 6.649 Thread 0x0000000002e2e800 Exception <a 'java/security/PrivilegedActionException'> (0x0000000773c6ea48) thrown at [D:\re\workspace\8-2-build-windows-amd64-cygwin\jdk8\2238\hotspot\src\share\vm\prims\jvm.cpp, line 1248]
Event: 11.684 Thread 0x0000000002e2e800 Exception <a 'java/security/PrivilegedActionException'> (0x0000000773774418) thrown at [D:\re\workspace\8-2-build-windows-amd64-cygwin\jdk8\2238\hotspot\src\share\vm\prims\jvm.cpp, line 1248]
Event: 11.686 Thread 0x000000001df43000 Exception <a 'java/net/SocketException': Socket closed> (0x0000000773797e70) thrown at [D:\re\workspace\8-2-build-windows-amd64-cygwin\jdk8\2238\hotspot\src\share\vm\prims\jni.cpp, line 742]

Events (10 events):
Event: 11.686 loading class java/net/SocketException
Event: 11.686 loading class java/net/SocketException done
Event: 11.686 loading class sun/net/ConnectionResetException
Event: 11.686 loading class sun/net/ConnectionResetException done
Event: 11.686 Thread 0x000000001df43000 Thread exited: 0x000000001df43000
Event: 11.686 loading class java/util/IdentityHashMap$KeyIterator
Event: 11.686 loading class java/util/IdentityHashMap$KeyIterator done
Event: 11.686 Thread 0x000000001ebb8000 Thread added: 0x000000001ebb8000
Event: 11.687 Thread 0x000000001ebba000 Thread added: 0x000000001ebba000
Event: 11.687 Thread 0x000000001ebba000 Thread exited: 0x000000001ebba000


Dynamic libraries:
0x00007ff662710000 - 0x00007ff662744000 	D:\Program Files\Java\jre8\bin\javaw.exe
0x00007ffb92580000 - 0x00007ffb92729000 	C:\Windows\SYSTEM32\ntdll.dll
0x00007ffb90860000 - 0x00007ffb9099a000 	C:\Windows\system32\KERNEL32.DLL
0x00007ffb8fc00000 - 0x00007ffb8fd0f000 	C:\Windows\system32\KERNELBASE.dll
0x00007ffb92040000 - 0x00007ffb920e5000 	C:\Windows\system32\ADVAPI32.dll
0x00007ffb901f0000 - 0x00007ffb90361000 	C:\Windows\system32\USER32.dll
0x00007ffb8dac0000 - 0x00007ffb8dd1a000 	C:\Windows\WinSxS\amd64_microsoft.windows.common-controls_6595b64144ccf1df_6.0.9600.16384_none_62475f7becb72503\COMCTL32.dll
0x00007ffb92150000 - 0x00007ffb921f7000 	C:\Windows\system32\msvcrt.dll
0x00007ffb8fe10000 - 0x00007ffb8fe67000 	C:\Windows\SYSTEM32\sechost.dll
0x00007ffb8fe70000 - 0x00007ffb8ffa6000 	C:\Windows\system32\RPCRT4.dll
0x00007ffb91e40000 - 0x00007ffb91f85000 	C:\Windows\system32\GDI32.dll
0x00007ffb90150000 - 0x00007ffb90184000 	C:\Windows\system32\IMM32.DLL
0x00007ffb92440000 - 0x00007ffb92579000 	C:\Windows\system32\MSCTF.dll
0x00007ffb8f8c0000 - 0x00007ffb8f8ef000 	C:\Windows\system32\nvinitx.dll
0x000000005c200000 - 0x000000005c2d2000 	D:\Program Files\Java\jre8\bin\msvcr100.dll
0x000000005b5a0000 - 0x000000005bdca000 	D:\Program Files\Java\jre8\bin\server\jvm.dll
0x00007ffb81b10000 - 0x00007ffb81b19000 	C:\Windows\SYSTEM32\WSOCK32.dll
0x00007ffb8d5a0000 - 0x00007ffb8d5bf000 	C:\Windows\SYSTEM32\WINMM.dll
0x00007ffb909a0000 - 0x00007ffb909a7000 	C:\Windows\system32\PSAPI.DLL
0x00007ffb920f0000 - 0x00007ffb92148000 	C:\Windows\system32\WS2_32.dll
0x00007ffb8d4f0000 - 0x00007ffb8d51a000 	C:\Windows\SYSTEM32\WINMMBASE.dll
0x00007ffb90370000 - 0x00007ffb90379000 	C:\Windows\system32\NSI.dll
0x00007ffb8fd10000 - 0x00007ffb8fd5a000 	C:\Windows\SYSTEM32\cfgmgr32.dll
0x00007ffb8e760000 - 0x00007ffb8e786000 	C:\Windows\SYSTEM32\DEVOBJ.dll
0x000000005c1f0000 - 0x000000005c1ff000 	D:\Program Files\Java\jre8\bin\verify.dll
0x000000005c1c0000 - 0x000000005c1e8000 	D:\Program Files\Java\jre8\bin\java.dll
0x000000005c1a0000 - 0x000000005c1b6000 	D:\Program Files\Java\jre8\bin\zip.dll
0x00007ffb90a30000 - 0x00007ffb91e3e000 	C:\Windows\system32\SHELL32.dll
0x00007ffb90500000 - 0x00007ffb906d7000 	C:\Windows\SYSTEM32\combase.dll
0x00007ffb923e0000 - 0x00007ffb92431000 	C:\Windows\system32\SHLWAPI.dll
0x00007ffb8df00000 - 0x00007ffb8dfa1000 	C:\Windows\SYSTEM32\SHCORE.dll
0x00007ffb8f900000 - 0x00007ffb8f914000 	C:\Windows\SYSTEM32\profapi.dll
0x000000005c180000 - 0x000000005c19a000 	D:\Program Files\Java\jre8\bin\net.dll
0x00007ffb8f130000 - 0x00007ffb8f188000 	C:\Windows\system32\mswsock.dll
0x00007ffb8ef40000 - 0x00007ffb8efe3000 	C:\Windows\SYSTEM32\DNSAPI.dll
0x00007ffb8a480000 - 0x00007ffb8a489000 	C:\Windows\System32\rasadhlp.dll
0x00007ffb89210000 - 0x00007ffb89239000 	C:\Windows\SYSTEM32\IPHLPAPI.DLL
0x00007ffb89330000 - 0x00007ffb8933a000 	C:\Windows\SYSTEM32\WINNSI.DLL
0x00007ffb88f00000 - 0x00007ffb88f67000 	C:\Windows\System32\fwpuclnt.dll
0x00007ffb8f190000 - 0x00007ffb8f1ae000 	C:\Windows\SYSTEM32\CRYPTSP.dll
0x00007ffb8edd0000 - 0x00007ffb8ee05000 	C:\Windows\system32\rsaenh.dll
0x00007ffb8f3c0000 - 0x00007ffb8f3e6000 	C:\Windows\SYSTEM32\bcrypt.dll
0x00007ffb8eee0000 - 0x00007ffb8eeff000 	C:\Windows\SYSTEM32\USERENV.dll
0x00007ffb8f6e0000 - 0x00007ffb8f73e000 	C:\Windows\system32\bcryptprimitives.dll
0x00007ffb8f740000 - 0x00007ffb8f74a000 	C:\Windows\SYSTEM32\CRYPTBASE.dll
0x00007ffb7bc40000 - 0x00007ffb7bc54000 	C:\Windows\system32\napinsp.dll
0x00007ffb7bc20000 - 0x00007ffb7bc39000 	C:\Windows\system32\pnrpnsp.dll
0x00007ffb8c870000 - 0x00007ffb8c889000 	C:\Windows\system32\NLAapi.dll
0x00007ffb7bc10000 - 0x00007ffb7bc1c000 	C:\Windows\System32\winrnr.dll
0x000000005c160000 - 0x000000005c171000 	D:\Program Files\Java\jre8\bin\nio.dll
0x0000000180000000 - 0x0000000180037000 	D:\UserTemp\jna8690977877009053015.dll
0x00007ffb7ed90000 - 0x00007ffb7ef18000 	C:\Windows\SYSTEM32\dbghelp.dll

VM Arguments:
jvm_args: -Dfile.encoding=Cp1252 
java_command: org.eclipse.jdt.internal.junit.runner.RemoteTestRunner -version 3 -port 64058 -testLoaderClass org.eclipse.jdt.internal.junit4.runner.JUnit4TestLoader -loaderpluginname org.eclipse.jdt.junit4.runtime -classNames gui.TaskBoxUITest
java_class_path (initial): D:\Documents\main\bin;D:\Documents\main\resource\natty.jar;D:\Documents\main\resource\json-simple-1.1.1.jar;D:\Documents\main\resource\swt.jar;D:\Documents\main\resource\google-api-client-1.18.0-rc-sources.jar;D:\Documents\main\resource\google-api-client-appengine-1.18.0-rc-sources.jar;D:\Documents\main\resource\google-api-client-servlet-1.18.0-rc-sources.jar;D:\Documents\main\resource\google-http-client-1.18.0-rc-sources.jar;D:\Documents\main\resource\google-http-client-appengine-1.18.0-rc-sources.jar;D:\Documents\main\resource\google-http-client-gson-1.18.0-rc-sources.jar;D:\Documents\main\resource\google-http-client-jackson2-1.18.0-rc-sources.jar;D:\Documents\main\resource\google-http-client-jdo-1.18.0-rc-sources.jar;D:\Documents\main\resource\google-oauth-client-1.18.0-rc-sources.jar;D:\Documents\main\resource\google-oauth-client-appengine-1.18.0-rc-sources.jar;D:\Documents\main\resource\google-oauth-client-servlet-1.18.0-rc-sources.jar;D:\Documents\main\resource\gson-2.1-sources.jar;D:\Documents\main\resource\jackson-core-2.1.3-sources.jar;D:\Documents\main\resource\jdo2-api-2.3-eb-sources.jar;D:\Documents\main\resource\google-api-client-1.18.0-rc.jar;D:\Documents\main\resource\google-api-client-appengine-1.18.0-rc.jar;D:\Documents\main\resource\google-api-client-servlet-1.18.0-rc.jar;D:\Documents\main\resource\google-http-client-1.18.0-rc.jar;D:\Documents\main\resource\google-http-client-appengine-1.18.0-rc.jar;D:\Documents\main\resource\google-http-client-gson-1.18.0-rc.jar;D:\Documents\main\resource\google-http-client-jackson2-1.18.0-rc.jar;D:\Documents\main\resource\google-http-client-jdo-1.18.0-rc.jar;D:\Documents\main\resource\google-oauth-client-1.18.0-rc.jar;D:\Documents\main\resource\google-oauth-client-appengine-1.18.0-rc.jar;D:\Documents\main\resource\google-oauth-client-servlet-1.18.0-rc.jar;D:\Documents\main\resource\gson-2.1.jar;D:\Documents\main\resource\jackson-core-2.1.3.jar;D:\Documents\main\resource\jdo2-api-2.3-e
Launcher Type: SUN_STANDARD

Environment Variables:
PATH=C:\Windows\system32;C:\Windows;C:\Windows\System32\Wbem;C:\Windows\System32\WindowsPowerShell\v1.0\;D:\Program Files\nodejs\;D:\Program Files\Java\jdk1.8.0\bin;D:\Program Files\Java\jre8\bin;C:\Program Files (x86)\Windows Kits\8.1\Windows Performance Toolkit\;C:\Program Files (x86)\Microsoft SDKs\TypeScript\1.0\;D:\Program Files\MATLAB\R2014a\runtime\win64;D:\Program Files\MATLAB\R2014a\bin;D:\Program Files\MATLAB\R2014a\polyspace\bin;D:\RailsInstaller\Git\cmd;D:\RailsInstaller\Ruby1.9.3\bin;C:\Users\Alex\AppData\Roaming\npm;.;;.;;.;
USERNAME=Alex
OS=Windows_NT
PROCESSOR_IDENTIFIER=Intel64 Family 6 Model 58 Stepping 9, GenuineIntel



---------------  S Y S T E M  ---------------

OS: Windows 8.1 , 64 bit Build 9600 

CPU:total 8 (4 cores per cpu, 2 threads per core) family 6 model 58 stepping 9, cmov, cx8, fxsr, mmx, sse, sse2, sse3, ssse3, sse4.1, sse4.2, popcnt, avx, aes, clmul, erms, ht, tsc, tscinvbit

Memory: 4k page, physical 15049064k(11428952k free), swap 30253416k(25014224k free)

vm_info: Java HotSpot(TM) 64-Bit Server VM (25.0-b70) for windows-amd64 JRE (1.8.0-b132), built on Mar  4 2014 03:46:18 by "java_re" with MS VC++ 10.0 (VS2010)

time: Mon Nov 10 05:44:20 2014
elapsed time: 11 seconds

