#
# A fatal error has been detected by the Java Runtime Environment:
#
#  EXCEPTION_ACCESS_VIOLATION (0xc0000005) at pc=0x000000005b6d61ce, pid=4216, tid=5816
#
# JRE version: Java(TM) SE Runtime Environment (8.0-b132) (build 1.8.0-b132)
# Java VM: Java HotSpot(TM) 64-Bit Server VM (25.0-b70 mixed mode windows-amd64 compressed oops)
# Problematic frame:
# V  [jvm.dll+0x1361ce]
#
# Failed to write core dump. Minidumps are not enabled by default on client versions of Windows
#
# If you would like to submit a bug report, please visit:
#   http://bugreport.sun.com/bugreport/crash.jsp
#

---------------  T H R E A D  ---------------

Current thread (0x000000001ee54800):  JavaThread "Thread-4" [_thread_in_vm, id=5816, stack(0x000000001f6e0000,0x000000001f7e0000)]

siginfo: ExceptionCode=0xc0000005, reading address 0x0000000000000000

Registers:
RAX=0x0000000000000000, RBX=0x0000000000000000, RCX=0x0000000000000480, RDX=0x0000000000000000
RSP=0x000000001f7de8b0, RBP=0x000000001f7deb10, RSI=0x000000001ee549e0, RDI=0x000000001ee54800
R8 =0x0000000002f9dd28, R9 =0x0000000000000000, R10=0x00007ff661e5a800, R11=0x000000001f2e10a0
R12=0x0000000000000000, R13=0x000000001b8a7220, R14=0x000000001f7dee40, R15=0x000000001ee54800
RIP=0x000000005b6d61ce, EFLAGS=0x0000000000010246

Top of Stack: (sp=0x000000001f7de8b0)
0x000000001f7de8b0:   cccccccc00000000 000000001f7dec88
0x000000001f7de8c0:   000000001f7de938 000000001f2e1158
0x000000001f7de8d0:   0000000000000008 cccccccc00000005
0x000000001f7de8e0:   000000001f7dea28 00000001800161e1
0x000000001f7de8f0:   000000001f7de910 000000001f7de9b8
0x000000001f7de900:   000000001f7dea28 000000001ee54800
0x000000001f7de910:   0000000000000000 000000001f7de960
0x000000001f7de920:   0000000040200020 0000000000000000
0x000000001f7de930:   0000000000000001 00000001800161ca
0x000000001f7de940:   000000001ee549e0 000000001f7dee40
0x000000001f7de950:   000000001f7dea58 000000001ee54800
0x000000001f7de960:   000000001b8a7220 0000000000000000
0x000000001f7de970:   000000001f7ded28 0000000040200020
0x000000001f7de980:   000000001b8a7220 0000000180007aae
0x000000001f7de990:   0000000040200020 000000000000000a
0x000000001f7de9a0:   0000000002f9dd28 0000000000000000 

Instructions: (pc=0x000000005b6d61ce)
0x000000005b6d61ae:   00 48 83 7f 08 00 48 89 7c 24 58 48 c7 44 24 60
0x000000005b6d61be:   00 00 00 00 74 0a 48 8d 4c 24 58 e8 e2 5d 12 00
0x000000005b6d61ce:   48 8b 0b e8 2a 67 f2 ff 4c 8b c7 33 d2 48 8b d8
0x000000005b6d61de:   48 8b 00 48 8b cb ff 50 70 48 83 7f 08 00 74 04 


Register to memory mapping:

RAX=0x0000000000000000 is an unknown value
RBX=0x0000000000000000 is an unknown value
RCX=0x0000000000000480 is an unknown value
RDX=0x0000000000000000 is an unknown value
RSP=0x000000001f7de8b0 is pointing into the stack for thread: 0x000000001ee54800
RBP=0x000000001f7deb10 is pointing into the stack for thread: 0x000000001ee54800
RSI=0x000000001ee549e0 is an unknown value
RDI=0x000000001ee54800 is a thread
R8 =0x0000000002f9dd28 is an unknown value
R9 =0x0000000000000000 is an unknown value
R10=0x00007ff661e5a800 is an unknown value
R11=0x000000001f2e10a0 is an unknown value
R12=0x0000000000000000 is an unknown value
R13=0x000000001b8a7220 is an unknown value
R14=0x000000001f7dee40 is pointing into the stack for thread: 0x000000001ee54800
R15=0x000000001ee54800 is a thread


Stack: [0x000000001f6e0000,0x000000001f7e0000],  sp=0x000000001f7de8b0,  free space=1018k
Native frames: (J=compiled Java code, j=interpreted, Vv=VM code, C=native code)
V  [jvm.dll+0x1361ce]
C  [jna5999218831950534419.dll+0x7aae]
C  [jna5999218831950534419.dll+0xc54d]
C  [jna5999218831950534419.dll+0xc10e]
C  [jna5999218831950534419.dll+0xed9b]
C  [jna5999218831950534419.dll+0x16192]
C  0x0000000002fb51ae

Java frames: (J=compiled Java code, j=interpreted, Vv=VM code)
j  gui.windows.User32.PeekMessage(Lgui/windows/User32$MSG;Lcom/sun/jna/Pointer;III)Z+0
j  gui.windows.WindowsProvider$1.run()V+82
j  java.lang.Thread.run()V+11
v  ~StubRoutines::call_stub

---------------  P R O C E S S  ---------------

Java Threads: ( => current thread )
  0x000000001ebbf000 JavaThread "Thread-2" [_thread_blocked, id=5144, stack(0x000000001e730000,0x000000001e830000)]
  0x000000001ebc2000 JavaThread "Thread-19" [_thread_blocked, id=3452, stack(0x0000000022880000,0x0000000022980000)]
  0x000000001ebc0800 JavaThread "Thread-18" [_thread_blocked, id=5312, stack(0x0000000022780000,0x0000000022880000)]
  0x000000001ebbf800 JavaThread "Thread-17" [_thread_blocked, id=4460, stack(0x0000000022680000,0x0000000022780000)]
  0x000000001ebc1000 JavaThread "Thread-16" [_thread_blocked, id=448, stack(0x0000000022580000,0x0000000022680000)]
  0x000000001ea4f800 JavaThread "Thread-15" [_thread_blocked, id=4764, stack(0x00000000202e0000,0x00000000203e0000)]
  0x000000001ea4d800 JavaThread "Thread-14" [_thread_blocked, id=2116, stack(0x00000000201e0000,0x00000000202e0000)]
  0x000000001ea4e000 JavaThread "Thread-13" [_thread_blocked, id=728, stack(0x00000000200e0000,0x00000000201e0000)]
  0x000000001ea4f000 JavaThread "Thread-12" [_thread_blocked, id=5744, stack(0x000000001ffe0000,0x00000000200e0000)]
  0x000000001ea4c800 JavaThread "Thread-11" [_thread_blocked, id=916, stack(0x000000001fee0000,0x000000001ffe0000)]
  0x000000001edc4000 JavaThread "Thread-10" [_thread_blocked, id=1440, stack(0x000000001fde0000,0x000000001fee0000)]
  0x000000001edc3800 JavaThread "Thread-9" [_thread_blocked, id=2584, stack(0x000000001fce0000,0x000000001fde0000)]
  0x000000001ee5c800 JavaThread "Thread-8" [_thread_blocked, id=4144, stack(0x000000001fae0000,0x000000001fbe0000)]
  0x000000001ee5b800 JavaThread "Thread-7" [_thread_blocked, id=6092, stack(0x000000001f9e0000,0x000000001fae0000)]
  0x000000001ee5a000 JavaThread "Thread-6" [_thread_blocked, id=1484, stack(0x000000001f8e0000,0x000000001f9e0000)]
  0x000000001ee57800 JavaThread "Thread-5" [_thread_blocked, id=3492, stack(0x000000001f7e0000,0x000000001f8e0000)]
=>0x000000001ee54800 JavaThread "Thread-4" [_thread_in_vm, id=5816, stack(0x000000001f6e0000,0x000000001f7e0000)]
  0x000000001eb25000 JavaThread "Thread-3" [_thread_blocked, id=3416, stack(0x000000001f130000,0x000000001f230000)]
  0x000000001e865000 JavaThread "Thread-1" [_thread_blocked, id=3792, stack(0x000000001f030000,0x000000001f130000)]
  0x000000001dbe7800 JavaThread "Service Thread" daemon [_thread_blocked, id=864, stack(0x000000001e530000,0x000000001e630000)]
  0x000000001db70800 JavaThread "C1 CompilerThread3" daemon [_thread_blocked, id=5852, stack(0x000000001e430000,0x000000001e530000)]
  0x000000001db61800 JavaThread "C2 CompilerThread2" daemon [_thread_blocked, id=3496, stack(0x000000001e330000,0x000000001e430000)]
  0x000000001db5c800 JavaThread "C2 CompilerThread1" daemon [_thread_blocked, id=1740, stack(0x000000001e230000,0x000000001e330000)]
  0x000000001db5a000 JavaThread "C2 CompilerThread0" daemon [_thread_blocked, id=3536, stack(0x000000001e130000,0x000000001e230000)]
  0x000000001db58800 JavaThread "Attach Listener" daemon [_thread_blocked, id=5452, stack(0x000000001e030000,0x000000001e130000)]
  0x000000001db58000 JavaThread "Signal Dispatcher" daemon [_thread_blocked, id=2068, stack(0x000000001df30000,0x000000001e030000)]
  0x0000000002f97000 JavaThread "Finalizer" daemon [_thread_blocked, id=5856, stack(0x000000001da30000,0x000000001db30000)]
  0x000000001bb5c000 JavaThread "Reference Handler" daemon [_thread_blocked, id=5600, stack(0x000000001d930000,0x000000001da30000)]
  0x0000000002d9e800 JavaThread "main" [_thread_blocked, id=4088, stack(0x0000000002da0000,0x0000000002ea0000)]

Other Threads:
  0x000000001bb56800 VMThread [stack: 0x000000001d830000,0x000000001d930000] [id=5912]
  0x000000001dbea800 WatcherThread [stack: 0x000000001e630000,0x000000001e730000] [id=5580]

VM state:synchronizing (normal execution)

VM Mutex/Monitor currently owned by a thread:  ([mutex/lock_event])
[0x0000000002d9da40] Threads_lock - owner thread: 0x000000001bb56800
[0x0000000002ea14d0] Compile_lock - owner thread: 0x000000001ebbf000

Heap:
 PSYoungGen      total 8704K, used 5001K [0x0000000773700000, 0x0000000774580000, 0x00000007c0000000)
  eden space 6656K, 46% used [0x0000000773700000,0x00000007739ff358,0x0000000773d80000)
  from space 2048K, 94% used [0x0000000773d80000,0x0000000773f63280,0x0000000773f80000)
  to   space 2048K, 0% used [0x0000000774380000,0x0000000774380000,0x0000000774580000)
 ParOldGen       total 233984K, used 1675K [0x00000006da400000, 0x00000006e8880000, 0x0000000773700000)
  object space 233984K, 0% used [0x00000006da400000,0x00000006da5a2ce8,0x00000006e8880000)
 Metaspace       used 9744K, capacity 9870K, committed 10112K, reserved 1058816K
  class space    used 1005K, capacity 1042K, committed 1152K, reserved 1048576K

Card table byte_map: [0x0000000012360000,0x0000000012a90000] byte_map_base: 0x000000000ec8e000

Marking Bits: (ParMarkBitMap*) 0x000000005bd513b0
 Begin Bits: [0x0000000013760000, 0x00000000170d0000)
 End Bits:   [0x00000000170d0000, 0x000000001aa40000)

Polling page: 0x0000000002cb0000

CodeCache: size=245760Kb used=3283Kb max_used=3283Kb free=242476Kb
 bounds [0x0000000002fa0000, 0x00000000032e0000, 0x0000000011fa0000]
 total_blobs=1121 nmethods=784 adapters=251
 compilation: enabled

Compilation events (10 events):
Event: 9.171 Thread 0x000000001db70800  779       3       sun.util.locale.provider.LocaleProviderAdapter::getAdapter (171 bytes)
Event: 9.172 Thread 0x000000001db70800 nmethod 779 0x00000000032d3710 code [0x00000000032d39c0, 0x00000000032d4b78]
Event: 10.166 Thread 0x000000001db70800  781       3       sun.util.calendar.ZoneInfo::clone (15 bytes)
Event: 10.166 Thread 0x000000001db70800 nmethod 781 0x00000000032d5210 code [0x00000000032d53a0, 0x00000000032d5878]
Event: 10.166 Thread 0x000000001db70800  782   !   3       java.util.TimeZone::clone (28 bytes)
Event: 10.167 Thread 0x000000001db70800 nmethod 782 0x00000000032d5ad0 code [0x00000000032d5c60, 0x00000000032d5fd8]
Event: 10.167 Thread 0x000000001db70800  783       3       java.nio.Buffer::position (43 bytes)
Event: 10.167 Thread 0x000000001db70800 nmethod 783 0x00000000032d6150 code [0x00000000032d62c0, 0x00000000032d6568]
Event: 10.169 Thread 0x000000001db70800  784       3       java.util.Locale::getCountry (8 bytes)
Event: 10.169 Thread 0x000000001db70800 nmethod 784 0x00000000032d6610 code [0x00000000032d6760, 0x00000000032d6950]

GC Heap History (10 events):
Event: 0.203 GC heap before
{Heap before GC invocations=5 (full 0):
 PSYoungGen      total 2560K, used 2560K [0x0000000773700000, 0x0000000773a00000, 0x00000007c0000000)
  eden space 2048K, 100% used [0x0000000773700000,0x0000000773900000,0x0000000773900000)
  from space 512K, 100% used [0x0000000773980000,0x0000000773a00000,0x0000000773a00000)
  to   space 512K, 0% used [0x0000000773900000,0x0000000773900000,0x0000000773980000)
 ParOldGen       total 233984K, used 459K [0x00000006da400000, 0x00000006e8880000, 0x0000000773700000)
  object space 233984K, 0% used [0x00000006da400000,0x00000006da472f70,0x00000006e8880000)
 Metaspace       used 3678K, capacity 4716K, committed 4864K, reserved 1056768K
  class space    used 410K, capacity 424K, committed 512K, reserved 1048576K
Event: 0.205 GC heap after
Heap after GC invocations=5 (full 0):
 PSYoungGen      total 2560K, used 496K [0x0000000773700000, 0x0000000773d00000, 0x00000007c0000000)
  eden space 2048K, 0% used [0x0000000773700000,0x0000000773700000,0x0000000773900000)
  from space 512K, 96% used [0x0000000773900000,0x000000077397c010,0x0000000773980000)
  to   space 1024K, 0% used [0x0000000773c00000,0x0000000773c00000,0x0000000773d00000)
 ParOldGen       total 233984K, used 728K [0x00000006da400000, 0x00000006e8880000, 0x0000000773700000)
  object space 233984K, 0% used [0x00000006da400000,0x00000006da4b6120,0x00000006e8880000)
 Metaspace       used 3678K, capacity 4716K, committed 4864K, reserved 1056768K
  class space    used 410K, capacity 424K, committed 512K, reserved 1048576K
}
Event: 0.285 GC heap before
{Heap before GC invocations=6 (full 0):
 PSYoungGen      total 2560K, used 2544K [0x0000000773700000, 0x0000000773d00000, 0x00000007c0000000)
  eden space 2048K, 100% used [0x0000000773700000,0x0000000773900000,0x0000000773900000)
  from space 512K, 96% used [0x0000000773900000,0x000000077397c010,0x0000000773980000)
  to   space 1024K, 0% used [0x0000000773c00000,0x0000000773c00000,0x0000000773d00000)
 ParOldGen       total 233984K, used 728K [0x00000006da400000, 0x00000006e8880000, 0x0000000773700000)
  object space 233984K, 0% used [0x00000006da400000,0x00000006da4b6120,0x00000006e8880000)
 Metaspace       used 5119K, capacity 5252K, committed 5504K, reserved 1056768K
  class space    used 588K, capacity 624K, committed 640K, reserved 1048576K
Event: 0.286 GC heap after
Heap after GC invocations=6 (full 0):
 PSYoungGen      total 4608K, used 928K [0x0000000773700000, 0x0000000773e00000, 0x00000007c0000000)
  eden space 3584K, 0% used [0x0000000773700000,0x0000000773700000,0x0000000773a80000)
  from space 1024K, 90% used [0x0000000773c00000,0x0000000773ce8000,0x0000000773d00000)
  to   space 1536K, 0% used [0x0000000773a80000,0x0000000773a80000,0x0000000773c00000)
 ParOldGen       total 233984K, used 736K [0x00000006da400000, 0x00000006e8880000, 0x0000000773700000)
  object space 233984K, 0% used [0x00000006da400000,0x00000006da4b8120,0x00000006e8880000)
 Metaspace       used 5119K, capacity 5252K, committed 5504K, reserved 1056768K
  class space    used 588K, capacity 624K, committed 640K, reserved 1048576K
}
Event: 0.363 GC heap before
{Heap before GC invocations=7 (full 0):
 PSYoungGen      total 4608K, used 4512K [0x0000000773700000, 0x0000000773e00000, 0x00000007c0000000)
  eden space 3584K, 100% used [0x0000000773700000,0x0000000773a80000,0x0000000773a80000)
  from space 1024K, 90% used [0x0000000773c00000,0x0000000773ce8000,0x0000000773d00000)
  to   space 1536K, 0% used [0x0000000773a80000,0x0000000773a80000,0x0000000773c00000)
 ParOldGen       total 233984K, used 736K [0x00000006da400000, 0x00000006e8880000, 0x0000000773700000)
  object space 233984K, 0% used [0x00000006da400000,0x00000006da4b8120,0x00000006e8880000)
 Metaspace       used 6230K, capacity 6346K, committed 6400K, reserved 1056768K
  class space    used 715K, capacity 753K, committed 768K, reserved 1048576K
Event: 0.365 GC heap after
Heap after GC invocations=7 (full 0):
 PSYoungGen      total 5120K, used 1364K [0x0000000773700000, 0x0000000774100000, 0x00000007c0000000)
  eden space 3584K, 0% used [0x0000000773700000,0x0000000773700000,0x0000000773a80000)
  from space 1536K, 88% used [0x0000000773a80000,0x0000000773bd5110,0x0000000773c00000)
  to   space 1536K, 0% used [0x0000000773f80000,0x0000000773f80000,0x0000000774100000)
 ParOldGen       total 233984K, used 1015K [0x00000006da400000, 0x00000006e8880000, 0x0000000773700000)
  object space 233984K, 0% used [0x00000006da400000,0x00000006da4fdca8,0x00000006e8880000)
 Metaspace       used 6230K, capacity 6346K, committed 6400K, reserved 1056768K
  class space    used 715K, capacity 753K, committed 768K, reserved 1048576K
}
Event: 0.439 GC heap before
{Heap before GC invocations=8 (full 0):
 PSYoungGen      total 5120K, used 4938K [0x0000000773700000, 0x0000000774100000, 0x00000007c0000000)
  eden space 3584K, 99% used [0x0000000773700000,0x0000000773a7d730,0x0000000773a80000)
  from space 1536K, 88% used [0x0000000773a80000,0x0000000773bd5110,0x0000000773c00000)
  to   space 1536K, 0% used [0x0000000773f80000,0x0000000773f80000,0x0000000774100000)
 ParOldGen       total 233984K, used 1015K [0x00000006da400000, 0x00000006e8880000, 0x0000000773700000)
  object space 233984K, 0% used [0x00000006da400000,0x00000006da4fdca8,0x00000006e8880000)
 Metaspace       used 7412K, capacity 7530K, committed 7680K, reserved 1056768K
  class space    used 856K, capacity 913K, committed 1024K, reserved 1048576K
Event: 0.440 GC heap after
Heap after GC invocations=8 (full 0):
 PSYoungGen      total 8192K, used 1485K [0x0000000773700000, 0x0000000774200000, 0x00000007c0000000)
  eden space 6656K, 0% used [0x0000000773700000,0x0000000773700000,0x0000000773d80000)
  from space 1536K, 96% used [0x0000000773f80000,0x00000007740f3530,0x0000000774100000)
  to   space 2048K, 0% used [0x0000000773d80000,0x0000000773d80000,0x0000000773f80000)
 ParOldGen       total 233984K, used 1199K [0x00000006da400000, 0x00000006e8880000, 0x0000000773700000)
  object space 233984K, 0% used [0x00000006da400000,0x00000006da52bcb8,0x00000006e8880000)
 Metaspace       used 7412K, capacity 7530K, committed 7680K, reserved 1056768K
  class space    used 856K, capacity 913K, committed 1024K, reserved 1048576K
}
Event: 7.564 GC heap before
{Heap before GC invocations=9 (full 0):
 PSYoungGen      total 8192K, used 8046K [0x0000000773700000, 0x0000000774200000, 0x00000007c0000000)
  eden space 6656K, 98% used [0x0000000773700000,0x0000000773d683c8,0x0000000773d80000)
  from space 1536K, 96% used [0x0000000773f80000,0x00000007740f3530,0x0000000774100000)
  to   space 2048K, 0% used [0x0000000773d80000,0x0000000773d80000,0x0000000773f80000)
 ParOldGen       total 233984K, used 1199K [0x00000006da400000, 0x00000006e8880000, 0x0000000773700000)
  object space 233984K, 0% used [0x00000006da400000,0x00000006da52bcb8,0x00000006e8880000)
 Metaspace       used 8854K, capacity 9008K, committed 9344K, reserved 1056768K
  class space    used 985K, capacity 1042K, committed 1152K, reserved 1048576K
Event: 7.566 GC heap after
Heap after GC invocations=9 (full 0):
 PSYoungGen      total 8704K, used 1932K [0x0000000773700000, 0x0000000774580000, 0x00000007c0000000)
  eden space 6656K, 0% used [0x0000000773700000,0x0000000773700000,0x0000000773d80000)
  from space 2048K, 94% used [0x0000000773d80000,0x0000000773f63280,0x0000000773f80000)
  to   space 2048K, 0% used [0x0000000774380000,0x0000000774380000,0x0000000774580000)
 ParOldGen       total 233984K, used 1675K [0x00000006da400000, 0x00000006e8880000, 0x0000000773700000)
  object space 233984K, 0% used [0x00000006da400000,0x00000006da5a2ce8,0x00000006e8880000)
 Metaspace       used 8854K, capacity 9008K, committed 9344K, reserved 1056768K
  class space    used 985K, capacity 1042K, committed 1152K, reserved 1048576K
}

Deoptimization events (1 events):
Event: 0.424 Thread 0x000000001e865000 Uncommon trap: reason=unreached action=reinterpret pc=0x0000000003169348 method=sun.misc.URLClassPath$JarLoader.ensureOpen()V @ 4

Internal exceptions (10 events):
Event: 8.147 Thread 0x0000000002d9e800 Exception <a 'java/security/PrivilegedActionException'> (0x00000007739184e0) thrown at [D:\re\workspace\8-2-build-windows-amd64-cygwin\jdk8\2238\hotspot\src\share\vm\prims\jvm.cpp, line 1248]
Event: 8.147 Thread 0x0000000002d9e800 Exception <a 'java/security/PrivilegedActionException'> (0x0000000773920aa8) thrown at [D:\re\workspace\8-2-build-windows-amd64-cygwin\jdk8\2238\hotspot\src\share\vm\prims\jvm.cpp, line 1248]
Event: 8.149 Thread 0x0000000002d9e800 Exception <a 'java/security/PrivilegedActionException'> (0x00000007739296e8) thrown at [D:\re\workspace\8-2-build-windows-amd64-cygwin\jdk8\2238\hotspot\src\share\vm\prims\jvm.cpp, line 1248]
Event: 8.149 Thread 0x0000000002d9e800 Exception <a 'java/security/PrivilegedActionException'> (0x0000000773931318) thrown at [D:\re\workspace\8-2-build-windows-amd64-cygwin\jdk8\2238\hotspot\src\share\vm\prims\jvm.cpp, line 1248]
Event: 8.149 Thread 0x0000000002d9e800 Exception <a 'java/security/PrivilegedActionException'> (0x0000000773937b28) thrown at [D:\re\workspace\8-2-build-windows-amd64-cygwin\jdk8\2238\hotspot\src\share\vm\prims\jvm.cpp, line 1248]
Event: 8.150 Thread 0x0000000002d9e800 Exception <a 'java/security/PrivilegedActionException'> (0x000000077393e350) thrown at [D:\re\workspace\8-2-build-windows-amd64-cygwin\jdk8\2238\hotspot\src\share\vm\prims\jvm.cpp, line 1248]
Event: 8.150 Thread 0x0000000002d9e800 Exception <a 'java/security/PrivilegedActionException'> (0x0000000773946de0) thrown at [D:\re\workspace\8-2-build-windows-amd64-cygwin\jdk8\2238\hotspot\src\share\vm\prims\jvm.cpp, line 1248]
Event: 8.151 Thread 0x0000000002d9e800 Exception <a 'java/security/PrivilegedActionException'> (0x00000007739506a0) thrown at [D:\re\workspace\8-2-build-windows-amd64-cygwin\jdk8\2238\hotspot\src\share\vm\prims\jvm.cpp, line 1248]
Event: 10.165 Thread 0x0000000002d9e800 Exception <a 'java/security/PrivilegedActionException'> (0x00000007739cf5b0) thrown at [D:\re\workspace\8-2-build-windows-amd64-cygwin\jdk8\2238\hotspot\src\share\vm\prims\jvm.cpp, line 1248]
Event: 10.167 Thread 0x000000001ddef800 Exception <a 'java/net/SocketException': Socket closed> (0x00000007739e8700) thrown at [D:\re\workspace\8-2-build-windows-amd64-cygwin\jdk8\2238\hotspot\src\share\vm\prims\jni.cpp, line 742]

Events (10 events):
Event: 10.167 loading class java/util/IdentityHashMap$KeyIterator
Event: 10.167 Thread 0x000000001ddef800 Thread exited: 0x000000001ddef800
Event: 10.167 loading class java/util/IdentityHashMap$KeyIterator done
Event: 10.167 Thread 0x000000001ebbf000 Thread added: 0x000000001ebbf000
Event: 10.168 Thread 0x000000001ebc2800 Thread added: 0x000000001ebc2800
Event: 10.169 loading class java/util/Vector$Itr
Event: 10.169 loading class java/util/Vector$Itr done
Event: 10.169 Thread 0x000000001ebc2800 Thread exited: 0x000000001ebc2800
Event: 10.170 loading class java/lang/ProcessBuilder
Event: 10.170 loading class java/lang/ProcessBuilder done


Dynamic libraries:
0x00007ff662710000 - 0x00007ff662744000 	D:\Program Files\Java\jre8\bin\javaw.exe
0x00007ffb92580000 - 0x00007ffb92729000 	C:\Windows\SYSTEM32\ntdll.dll
0x00007ffb90860000 - 0x00007ffb9099a000 	C:\Windows\system32\KERNEL32.DLL
0x00007ffb8fc00000 - 0x00007ffb8fd0f000 	C:\Windows\system32\KERNELBASE.dll
0x00007ffb92040000 - 0x00007ffb920e5000 	C:\Windows\system32\ADVAPI32.dll
0x00007ffb901f0000 - 0x00007ffb90361000 	C:\Windows\system32\USER32.dll
0x00007ffb8dac0000 - 0x00007ffb8dd1a000 	C:\Windows\WinSxS\amd64_microsoft.windows.common-controls_6595b64144ccf1df_6.0.9600.16384_none_62475f7becb72503\COMCTL32.dll
0x00007ffb92150000 - 0x00007ffb921f7000 	C:\Windows\system32\msvcrt.dll
0x00007ffb8fe10000 - 0x00007ffb8fe67000 	C:\Windows\SYSTEM32\sechost.dll
0x00007ffb8fe70000 - 0x00007ffb8ffa6000 	C:\Windows\system32\RPCRT4.dll
0x00007ffb91e40000 - 0x00007ffb91f85000 	C:\Windows\system32\GDI32.dll
0x00007ffb90150000 - 0x00007ffb90184000 	C:\Windows\system32\IMM32.DLL
0x00007ffb92440000 - 0x00007ffb92579000 	C:\Windows\system32\MSCTF.dll
0x00007ffb8f8c0000 - 0x00007ffb8f8ef000 	C:\Windows\system32\nvinitx.dll
0x000000005c200000 - 0x000000005c2d2000 	D:\Program Files\Java\jre8\bin\msvcr100.dll
0x000000005b5a0000 - 0x000000005bdca000 	D:\Program Files\Java\jre8\bin\server\jvm.dll
0x00007ffb81b10000 - 0x00007ffb81b19000 	C:\Windows\SYSTEM32\WSOCK32.dll
0x00007ffb8d5a0000 - 0x00007ffb8d5bf000 	C:\Windows\SYSTEM32\WINMM.dll
0x00007ffb909a0000 - 0x00007ffb909a7000 	C:\Windows\system32\PSAPI.DLL
0x00007ffb920f0000 - 0x00007ffb92148000 	C:\Windows\system32\WS2_32.dll
0x00007ffb8d4f0000 - 0x00007ffb8d51a000 	C:\Windows\SYSTEM32\WINMMBASE.dll
0x00007ffb90370000 - 0x00007ffb90379000 	C:\Windows\system32\NSI.dll
0x00007ffb8fd10000 - 0x00007ffb8fd5a000 	C:\Windows\SYSTEM32\cfgmgr32.dll
0x00007ffb8e760000 - 0x00007ffb8e786000 	C:\Windows\SYSTEM32\DEVOBJ.dll
0x000000005c1f0000 - 0x000000005c1ff000 	D:\Program Files\Java\jre8\bin\verify.dll
0x000000005c1c0000 - 0x000000005c1e8000 	D:\Program Files\Java\jre8\bin\java.dll
0x000000005c1a0000 - 0x000000005c1b6000 	D:\Program Files\Java\jre8\bin\zip.dll
0x00007ffb90a30000 - 0x00007ffb91e3e000 	C:\Windows\system32\SHELL32.dll
0x00007ffb90500000 - 0x00007ffb906d7000 	C:\Windows\SYSTEM32\combase.dll
0x00007ffb923e0000 - 0x00007ffb92431000 	C:\Windows\system32\SHLWAPI.dll
0x00007ffb8df00000 - 0x00007ffb8dfa1000 	C:\Windows\SYSTEM32\SHCORE.dll
0x00007ffb8f900000 - 0x00007ffb8f914000 	C:\Windows\SYSTEM32\profapi.dll
0x000000005c180000 - 0x000000005c19a000 	D:\Program Files\Java\jre8\bin\net.dll
0x00007ffb8f130000 - 0x00007ffb8f188000 	C:\Windows\system32\mswsock.dll
0x00007ffb8ef40000 - 0x00007ffb8efe3000 	C:\Windows\SYSTEM32\DNSAPI.dll
0x00007ffb8a480000 - 0x00007ffb8a489000 	C:\Windows\System32\rasadhlp.dll
0x00007ffb89210000 - 0x00007ffb89239000 	C:\Windows\SYSTEM32\IPHLPAPI.DLL
0x00007ffb89330000 - 0x00007ffb8933a000 	C:\Windows\SYSTEM32\WINNSI.DLL
0x00007ffb88f00000 - 0x00007ffb88f67000 	C:\Windows\System32\fwpuclnt.dll
0x00007ffb8f190000 - 0x00007ffb8f1ae000 	C:\Windows\SYSTEM32\CRYPTSP.dll
0x00007ffb8edd0000 - 0x00007ffb8ee05000 	C:\Windows\system32\rsaenh.dll
0x00007ffb8f3c0000 - 0x00007ffb8f3e6000 	C:\Windows\SYSTEM32\bcrypt.dll
0x00007ffb8eee0000 - 0x00007ffb8eeff000 	C:\Windows\SYSTEM32\USERENV.dll
0x00007ffb8f6e0000 - 0x00007ffb8f73e000 	C:\Windows\system32\bcryptprimitives.dll
0x00007ffb8f740000 - 0x00007ffb8f74a000 	C:\Windows\SYSTEM32\CRYPTBASE.dll
0x00007ffb7bc40000 - 0x00007ffb7bc54000 	C:\Windows\system32\napinsp.dll
0x00007ffb7bc20000 - 0x00007ffb7bc39000 	C:\Windows\system32\pnrpnsp.dll
0x00007ffb8c870000 - 0x00007ffb8c889000 	C:\Windows\system32\NLAapi.dll
0x00007ffb7bc10000 - 0x00007ffb7bc1c000 	C:\Windows\System32\winrnr.dll
0x000000005c160000 - 0x000000005c171000 	D:\Program Files\Java\jre8\bin\nio.dll
0x0000000180000000 - 0x0000000180037000 	D:\UserTemp\jna5999218831950534419.dll
0x00007ffb7ed90000 - 0x00007ffb7ef18000 	C:\Windows\SYSTEM32\dbghelp.dll

VM Arguments:
jvm_args: -Dfile.encoding=Cp1252 
java_command: org.eclipse.jdt.internal.junit.runner.RemoteTestRunner -version 3 -port 63966 -testLoaderClass org.eclipse.jdt.internal.junit4.runner.JUnit4TestLoader -loaderpluginname org.eclipse.jdt.junit4.runtime -classNames gui.TaskBoxUITest
java_class_path (initial): D:\Documents\main\bin;D:\Documents\main\resource\natty.jar;D:\Documents\main\resource\json-simple-1.1.1.jar;D:\Documents\main\resource\swt.jar;D:\Documents\main\resource\google-api-client-1.18.0-rc-sources.jar;D:\Documents\main\resource\google-api-client-appengine-1.18.0-rc-sources.jar;D:\Documents\main\resource\google-api-client-servlet-1.18.0-rc-sources.jar;D:\Documents\main\resource\google-http-client-1.18.0-rc-sources.jar;D:\Documents\main\resource\google-http-client-appengine-1.18.0-rc-sources.jar;D:\Documents\main\resource\google-http-client-gson-1.18.0-rc-sources.jar;D:\Documents\main\resource\google-http-client-jackson2-1.18.0-rc-sources.jar;D:\Documents\main\resource\google-http-client-jdo-1.18.0-rc-sources.jar;D:\Documents\main\resource\google-oauth-client-1.18.0-rc-sources.jar;D:\Documents\main\resource\google-oauth-client-appengine-1.18.0-rc-sources.jar;D:\Documents\main\resource\google-oauth-client-servlet-1.18.0-rc-sources.jar;D:\Documents\main\resource\gson-2.1-sources.jar;D:\Documents\main\resource\jackson-core-2.1.3-sources.jar;D:\Documents\main\resource\jdo2-api-2.3-eb-sources.jar;D:\Documents\main\resource\google-api-client-1.18.0-rc.jar;D:\Documents\main\resource\google-api-client-appengine-1.18.0-rc.jar;D:\Documents\main\resource\google-api-client-servlet-1.18.0-rc.jar;D:\Documents\main\resource\google-http-client-1.18.0-rc.jar;D:\Documents\main\resource\google-http-client-appengine-1.18.0-rc.jar;D:\Documents\main\resource\google-http-client-gson-1.18.0-rc.jar;D:\Documents\main\resource\google-http-client-jackson2-1.18.0-rc.jar;D:\Documents\main\resource\google-http-client-jdo-1.18.0-rc.jar;D:\Documents\main\resource\google-oauth-client-1.18.0-rc.jar;D:\Documents\main\resource\google-oauth-client-appengine-1.18.0-rc.jar;D:\Documents\main\resource\google-oauth-client-servlet-1.18.0-rc.jar;D:\Documents\main\resource\gson-2.1.jar;D:\Documents\main\resource\jackson-core-2.1.3.jar;D:\Documents\main\resource\jdo2-api-2.3-e
Launcher Type: SUN_STANDARD

Environment Variables:
PATH=C:\Windows\system32;C:\Windows;C:\Windows\System32\Wbem;C:\Windows\System32\WindowsPowerShell\v1.0\;D:\Program Files\nodejs\;D:\Program Files\Java\jdk1.8.0\bin;D:\Program Files\Java\jre8\bin;C:\Program Files (x86)\Windows Kits\8.1\Windows Performance Toolkit\;C:\Program Files (x86)\Microsoft SDKs\TypeScript\1.0\;D:\Program Files\MATLAB\R2014a\runtime\win64;D:\Program Files\MATLAB\R2014a\bin;D:\Program Files\MATLAB\R2014a\polyspace\bin;D:\RailsInstaller\Git\cmd;D:\RailsInstaller\Ruby1.9.3\bin;C:\Users\Alex\AppData\Roaming\npm;.;;.;;.;
USERNAME=Alex
OS=Windows_NT
PROCESSOR_IDENTIFIER=Intel64 Family 6 Model 58 Stepping 9, GenuineIntel



---------------  S Y S T E M  ---------------

OS: Windows 8.1 , 64 bit Build 9600 

CPU:total 8 (4 cores per cpu, 2 threads per core) family 6 model 58 stepping 9, cmov, cx8, fxsr, mmx, sse, sse2, sse3, ssse3, sse4.1, sse4.2, popcnt, avx, aes, clmul, erms, ht, tsc, tscinvbit

Memory: 4k page, physical 15049064k(11344852k free), swap 30253416k(25015452k free)

vm_info: Java HotSpot(TM) 64-Bit Server VM (25.0-b70) for windows-amd64 JRE (1.8.0-b132), built on Mar  4 2014 03:46:18 by "java_re" with MS VC++ 10.0 (VS2010)

time: Mon Nov 10 05:40:49 2014
elapsed time: 10 seconds

