#
# A fatal error has been detected by the Java Runtime Environment:
#
#  EXCEPTION_ACCESS_VIOLATION (0xc0000005) at pc=0x000000005b6d61ce, pid=3112, tid=2852
#
# JRE version: Java(TM) SE Runtime Environment (8.0-b132) (build 1.8.0-b132)
# Java VM: Java HotSpot(TM) 64-Bit Server VM (25.0-b70 mixed mode windows-amd64 compressed oops)
# Problematic frame:
# V  [jvm.dll+0x1361ce]
#
# Failed to write core dump. Minidumps are not enabled by default on client versions of Windows
#
# If you would like to submit a bug report, please visit:
#   http://bugreport.sun.com/bugreport/crash.jsp
#

---------------  T H R E A D  ---------------

Current thread (0x000000001e342000):  JavaThread "Thread-12" [_thread_in_vm, id=2852, stack(0x0000000021bd0000,0x0000000021cd0000)]

siginfo: ExceptionCode=0xc0000005, reading address 0x0000000000000000

Registers:
RAX=0x0000000000000000, RBX=0x0000000000000000, RCX=0x0000000000000200, RDX=0x0000000000000000
RSP=0x0000000021cce820, RBP=0x0000000021ccea80, RSI=0x000000001e3421e0, RDI=0x000000001e342000
R8 =0x000000001b5ed0b8, R9 =0x0000000000000000, R10=0x00007ff661a0a800, R11=0x000000001ebf71d0
R12=0x0000000000000000, R13=0x0000000021cced80, R14=0x0000000021cced48, R15=0x000000001e342000
RIP=0x000000005b6d61ce, EFLAGS=0x0000000000010246

Top of Stack: (sp=0x0000000021cce820)
0x0000000021cce820:   cccccccc00000000 0000000021ccebf8
0x0000000021cce830:   0000000021cce8a8 000000001ebf1088
0x0000000021cce840:   0000000000000008 cccccccc00000005
0x0000000021cce850:   0000000021cce998 00000001800161e1
0x0000000021cce860:   0000000021cce880 0000000021cce928
0x0000000021cce870:   0000000021cce998 000000001e342000
0x0000000021cce880:   0000000000000000 0000000021cce8d0
0x0000000021cce890:   0000000000000001 0000000000000000
0x0000000021cce8a0:   0000000000000001 00000001800161ca
0x0000000021cce8b0:   000000001e3421e0 0000000021cced18
0x0000000021cce8c0:   0000000021cce9c8 000000001e342000
0x0000000021cce8d0:   0000000021cced80 0000000000000000
0x0000000021cce8e0:   0000000021ccec98 0000000000000001
0x0000000021cce8f0:   000000001b336a90 0000000180007aae
0x0000000021cce900:   0000000000000001 000000000000000a
0x0000000021cce910:   000000001b5ed0b8 0000000000000000 

Instructions: (pc=0x000000005b6d61ce)
0x000000005b6d61ae:   00 48 83 7f 08 00 48 89 7c 24 58 48 c7 44 24 60
0x000000005b6d61be:   00 00 00 00 74 0a 48 8d 4c 24 58 e8 e2 5d 12 00
0x000000005b6d61ce:   48 8b 0b e8 2a 67 f2 ff 4c 8b c7 33 d2 48 8b d8
0x000000005b6d61de:   48 8b 00 48 8b cb ff 50 70 48 83 7f 08 00 74 04 


Register to memory mapping:

RAX=0x0000000000000000 is an unknown value
RBX=0x0000000000000000 is an unknown value
RCX=0x0000000000000200 is an unknown value
RDX=0x0000000000000000 is an unknown value
RSP=0x0000000021cce820 is pointing into the stack for thread: 0x000000001e342000
RBP=0x0000000021ccea80 is pointing into the stack for thread: 0x000000001e342000
RSI=0x000000001e3421e0 is an unknown value
RDI=0x000000001e342000 is a thread
R8 =0x000000001b5ed0b8 is an unknown value
R9 =0x0000000000000000 is an unknown value
R10=0x00007ff661a0a800 is an unknown value
R11=0x000000001ebf71d0 is an unknown value
R12=0x0000000000000000 is an unknown value
R13=0x0000000021cced80 is pointing into the stack for thread: 0x000000001e342000
R14=0x0000000021cced48 is pointing into the stack for thread: 0x000000001e342000
R15=0x000000001e342000 is a thread


Stack: [0x0000000021bd0000,0x0000000021cd0000],  sp=0x0000000021cce820,  free space=1018k
Native frames: (J=compiled Java code, j=interpreted, Vv=VM code, C=native code)
V  [jvm.dll+0x1361ce]
C  [jna6512787880913958844.dll+0x7aae]
C  [jna6512787880913958844.dll+0xc54d]
C  [jna6512787880913958844.dll+0xc10e]
C  [jna6512787880913958844.dll+0xed9b]
C  [jna6512787880913958844.dll+0x16192]
C  0x0000000002df9ff6

Java frames: (J=compiled Java code, j=interpreted, Vv=VM code)
J 960  gui.windows.User32.PeekMessage(Lgui/windows/User32$MSG;Lcom/sun/jna/Pointer;III)Z (0 bytes) @ 0x0000000002df9f78 [0x0000000002df9f00+0x78]
j  gui.windows.WindowsProvider$1.run()V+82
j  java.lang.Thread.run()V+11
v  ~StubRoutines::call_stub

---------------  P R O C E S S  ---------------

Java Threads: ( => current thread )
  0x000000001e69c800 JavaThread "Thread-27" [_thread_blocked, id=5240, stack(0x0000000022ad0000,0x0000000022bd0000)]
  0x000000001e69f800 JavaThread "Thread-26" [_thread_blocked, id=1460, stack(0x00000000229d0000,0x0000000022ad0000)]
  0x000000001e69b800 JavaThread "Thread-25" [_thread_blocked, id=5572, stack(0x00000000228d0000,0x00000000229d0000)]
  0x000000001e69f000 JavaThread "Thread-24" [_thread_blocked, id=2896, stack(0x00000000227d0000,0x00000000228d0000)]
  0x000000001e69b000 JavaThread "Thread-23" [_thread_blocked, id=2412, stack(0x00000000226d0000,0x00000000227d0000)]
  0x000000001e69e000 JavaThread "Thread-22" [_thread_blocked, id=5548, stack(0x00000000225d0000,0x00000000226d0000)]
  0x000000001e697000 JavaThread "Thread-21" [_thread_blocked, id=3052, stack(0x00000000224d0000,0x00000000225d0000)]
  0x000000001e69a000 JavaThread "Thread-20" [_thread_blocked, id=1468, stack(0x00000000223d0000,0x00000000224d0000)]
  0x000000001e696800 JavaThread "Thread-19" [_thread_blocked, id=2276, stack(0x00000000222d0000,0x00000000223d0000)]
  0x000000001e698000 JavaThread "Thread-18" [_thread_blocked, id=5196, stack(0x00000000221d0000,0x00000000222d0000)]
  0x000000001e699800 JavaThread "Thread-17" [_thread_blocked, id=6016, stack(0x00000000220d0000,0x00000000221d0000)]
  0x000000001e698800 JavaThread "Thread-16" [_thread_blocked, id=1992, stack(0x0000000021fd0000,0x00000000220d0000)]
  0x000000001e340800 JavaThread "Thread-15" [_thread_blocked, id=3940, stack(0x0000000021ed0000,0x0000000021fd0000)]
  0x000000001e340000 JavaThread "Thread-14" [_thread_blocked, id=1348, stack(0x0000000021dd0000,0x0000000021ed0000)]
  0x000000001e33f000 JavaThread "Thread-13" [_thread_blocked, id=1616, stack(0x0000000021cd0000,0x0000000021dd0000)]
=>0x000000001e342000 JavaThread "Thread-12" [_thread_in_vm, id=2852, stack(0x0000000021bd0000,0x0000000021cd0000)]
  0x000000001e341800 JavaThread "Thread-11" [_thread_blocked, id=4616, stack(0x000000001f930000,0x000000001fa30000)]
  0x000000001e5d7000 JavaThread "Thread-10" [_thread_blocked, id=3196, stack(0x000000001f830000,0x000000001f930000)]
  0x000000001e5d2000 JavaThread "Thread-9" [_thread_blocked, id=1580, stack(0x000000001f730000,0x000000001f830000)]
  0x000000001e5a5000 JavaThread "Thread-8" [_thread_blocked, id=1876, stack(0x000000001f530000,0x000000001f630000)]
  0x000000001e5a4000 JavaThread "Thread-7" [_thread_blocked, id=6036, stack(0x000000001f430000,0x000000001f530000)]
  0x000000001e5c4800 JavaThread "Thread-6" [_thread_blocked, id=924, stack(0x000000001f330000,0x000000001f430000)]
  0x000000001e5c3800 JavaThread "Thread-5" [_thread_blocked, id=3984, stack(0x000000001f230000,0x000000001f330000)]
  0x000000001e5c2000 JavaThread "Thread-4" [_thread_blocked, id=1796, stack(0x000000001f130000,0x000000001f230000)]
  0x000000001e5c1000 JavaThread "Thread-3" [_thread_blocked, id=4112, stack(0x000000001f030000,0x000000001f130000)]
  0x000000001e302000 JavaThread "Thread-1" [_thread_blocked, id=1476, stack(0x000000001eac0000,0x000000001ebc0000)]
  0x000000001d675000 JavaThread "Service Thread" daemon [_thread_blocked, id=1840, stack(0x000000001dfc0000,0x000000001e0c0000)]
  0x000000001d5fe000 JavaThread "C1 CompilerThread3" daemon [_thread_blocked, id=3808, stack(0x000000001dec0000,0x000000001dfc0000)]
  0x000000001d5f9000 JavaThread "C2 CompilerThread2" daemon [_thread_blocked, id=2720, stack(0x000000001ddc0000,0x000000001dec0000)]
  0x000000001d5f8800 JavaThread "C2 CompilerThread1" daemon [_thread_blocked, id=4256, stack(0x000000001dcc0000,0x000000001ddc0000)]
  0x000000001d5e6800 JavaThread "C2 CompilerThread0" daemon [_thread_blocked, id=480, stack(0x000000001dbc0000,0x000000001dcc0000)]
  0x000000001d5e5000 JavaThread "Attach Listener" daemon [_thread_blocked, id=4552, stack(0x000000001dac0000,0x000000001dbc0000)]
  0x000000001d5ef800 JavaThread "Signal Dispatcher" daemon [_thread_blocked, id=4300, stack(0x000000001d9c0000,0x000000001dac0000)]
  0x0000000002a27000 JavaThread "Finalizer" daemon [_thread_blocked, id=5216, stack(0x000000001d4c0000,0x000000001d5c0000)]
  0x000000001b5ec000 JavaThread "Reference Handler" daemon [_thread_blocked, id=5396, stack(0x000000001d3c0000,0x000000001d4c0000)]
  0x00000000028ae800 JavaThread "main" [_thread_blocked, id=2868, stack(0x00000000027a0000,0x00000000028a0000)]

Other Threads:
  0x000000001b5e6800 VMThread [stack: 0x000000001d2c0000,0x000000001d3c0000] [id=4820]
  0x000000001d678000 WatcherThread [stack: 0x000000001e0c0000,0x000000001e1c0000] [id=5860]

VM state:not at safepoint (normal execution)

VM Mutex/Monitor currently owned by a thread: None

Heap:
 PSYoungGen      total 12288K, used 4308K [0x0000000773700000, 0x0000000774680000, 0x00000007c0000000)
  eden space 10240K, 22% used [0x0000000773700000,0x0000000773936d48,0x0000000774100000)
  from space 2048K, 99% used [0x0000000774380000,0x000000077457e380,0x0000000774580000)
  to   space 2560K, 0% used [0x0000000774100000,0x0000000774100000,0x0000000774380000)
 ParOldGen       total 233984K, used 2367K [0x00000006da400000, 0x00000006e8880000, 0x0000000773700000)
  object space 233984K, 1% used [0x00000006da400000,0x00000006da64fdd8,0x00000006e8880000)
 Metaspace       used 10901K, capacity 11054K, committed 11136K, reserved 1058816K
  class space    used 1080K, capacity 1138K, committed 1152K, reserved 1048576K

Card table byte_map: [0x0000000011df0000,0x0000000012520000] byte_map_base: 0x000000000e71e000

Marking Bits: (ParMarkBitMap*) 0x000000005bd513b0
 Begin Bits: [0x00000000131f0000, 0x0000000016b60000)
 End Bits:   [0x0000000016b60000, 0x000000001a4d0000)

Polling page: 0x0000000000d20000

CodeCache: size=245760Kb used=3903Kb max_used=3907Kb free=241856Kb
 bounds [0x0000000002a30000, 0x0000000002e10000, 0x0000000011a30000]
 total_blobs=1327 nmethods=980 adapters=261
 compilation: enabled

Compilation events (10 events):
Event: 14.337 Thread 0x000000001d5fe000  976       3       java.lang.StringBuilder::getChars (10 bytes)
Event: 14.337 Thread 0x000000001d5fe000 nmethod 976 0x0000000002e02b90 code [0x0000000002e02d00, 0x0000000002e02e88]
Event: 14.337 Thread 0x000000001d5fe000  977       3       java.lang.AbstractStringBuilder::getChars (64 bytes)
Event: 14.338 Thread 0x000000001d5fe000 nmethod 977 0x0000000002e02390 code [0x0000000002e02540, 0x0000000002e029b8]
Event: 14.340 Thread 0x000000001d5fe000  978       1       java.util.logging.Logger::getUseParentHandlers (5 bytes)
Event: 14.341 Thread 0x000000001d5fe000 nmethod 978 0x0000000002e02090 code [0x0000000002e021e0, 0x0000000002e022f0]
Event: 14.341 Thread 0x000000001d5fe000  979       1       java.util.logging.Logger::getName (5 bytes)
Event: 14.341 Thread 0x000000001d5fe000 nmethod 979 0x0000000002e00f10 code [0x0000000002e01060, 0x0000000002e01170]
Event: 14.345 Thread 0x000000001d5fe000  980       3       java.util.TreeMap::parentOf (13 bytes)
Event: 14.345 Thread 0x000000001d5fe000 nmethod 980 0x0000000002e00b90 code [0x0000000002e00ce0, 0x0000000002e00e70]

GC Heap History (10 events):
Event: 0.215 GC heap before
{Heap before GC invocations=6 (full 0):
 PSYoungGen      total 2560K, used 2548K [0x0000000773700000, 0x0000000773d00000, 0x00000007c0000000)
  eden space 2048K, 100% used [0x0000000773700000,0x0000000773900000,0x0000000773900000)
  from space 512K, 97% used [0x0000000773900000,0x000000077397d0c0,0x0000000773980000)
  to   space 1024K, 0% used [0x0000000773c00000,0x0000000773c00000,0x0000000773d00000)
 ParOldGen       total 233984K, used 745K [0x00000006da400000, 0x00000006e8880000, 0x0000000773700000)
  object space 233984K, 0% used [0x00000006da400000,0x00000006da4ba450,0x00000006e8880000)
 Metaspace       used 5112K, capacity 5252K, committed 5504K, reserved 1056768K
  class space    used 588K, capacity 624K, committed 640K, reserved 1048576K
Event: 0.216 GC heap after
Heap after GC invocations=6 (full 0):
 PSYoungGen      total 4608K, used 948K [0x0000000773700000, 0x0000000773e00000, 0x00000007c0000000)
  eden space 3584K, 0% used [0x0000000773700000,0x0000000773700000,0x0000000773a80000)
  from space 1024K, 92% used [0x0000000773c00000,0x0000000773ced0a0,0x0000000773d00000)
  to   space 1536K, 0% used [0x0000000773a80000,0x0000000773a80000,0x0000000773c00000)
 ParOldGen       total 233984K, used 753K [0x00000006da400000, 0x00000006e8880000, 0x0000000773700000)
  object space 233984K, 0% used [0x00000006da400000,0x00000006da4bc450,0x00000006e8880000)
 Metaspace       used 5112K, capacity 5252K, committed 5504K, reserved 1056768K
  class space    used 588K, capacity 624K, committed 640K, reserved 1048576K
}
Event: 0.274 GC heap before
{Heap before GC invocations=7 (full 0):
 PSYoungGen      total 4608K, used 4532K [0x0000000773700000, 0x0000000773e00000, 0x00000007c0000000)
  eden space 3584K, 100% used [0x0000000773700000,0x0000000773a80000,0x0000000773a80000)
  from space 1024K, 92% used [0x0000000773c00000,0x0000000773ced0a0,0x0000000773d00000)
  to   space 1536K, 0% used [0x0000000773a80000,0x0000000773a80000,0x0000000773c00000)
 ParOldGen       total 233984K, used 753K [0x00000006da400000, 0x00000006e8880000, 0x0000000773700000)
  object space 233984K, 0% used [0x00000006da400000,0x00000006da4bc450,0x00000006e8880000)
 Metaspace       used 6223K, capacity 6346K, committed 6400K, reserved 1056768K
  class space    used 711K, capacity 753K, committed 768K, reserved 1048576K
Event: 0.276 GC heap after
Heap after GC invocations=7 (full 0):
 PSYoungGen      total 5120K, used 1475K [0x0000000773700000, 0x0000000774100000, 0x00000007c0000000)
  eden space 3584K, 0% used [0x0000000773700000,0x0000000773700000,0x0000000773a80000)
  from space 1536K, 96% used [0x0000000773a80000,0x0000000773bf0db8,0x0000000773c00000)
  to   space 1536K, 0% used [0x0000000773f80000,0x0000000773f80000,0x0000000774100000)
 ParOldGen       total 233984K, used 1004K [0x00000006da400000, 0x00000006e8880000, 0x0000000773700000)
  object space 233984K, 0% used [0x00000006da400000,0x00000006da4fb068,0x00000006e8880000)
 Metaspace       used 6223K, capacity 6346K, committed 6400K, reserved 1056768K
  class space    used 711K, capacity 753K, committed 768K, reserved 1048576K
}
Event: 0.333 GC heap before
{Heap before GC invocations=8 (full 0):
 PSYoungGen      total 5120K, used 5055K [0x0000000773700000, 0x0000000774100000, 0x00000007c0000000)
  eden space 3584K, 99% used [0x0000000773700000,0x0000000773a7f218,0x0000000773a80000)
  from space 1536K, 96% used [0x0000000773a80000,0x0000000773bf0db8,0x0000000773c00000)
  to   space 1536K, 0% used [0x0000000773f80000,0x0000000773f80000,0x0000000774100000)
 ParOldGen       total 233984K, used 1004K [0x00000006da400000, 0x00000006e8880000, 0x0000000773700000)
  object space 233984K, 0% used [0x00000006da400000,0x00000006da4fb068,0x00000006e8880000)
 Metaspace       used 7454K, capacity 7530K, committed 7680K, reserved 1056768K
  class space    used 856K, capacity 913K, committed 1024K, reserved 1048576K
Event: 0.335 GC heap after
Heap after GC invocations=8 (full 0):
 PSYoungGen      total 8192K, used 1512K [0x0000000773700000, 0x0000000774200000, 0x00000007c0000000)
  eden space 6656K, 0% used [0x0000000773700000,0x0000000773700000,0x0000000773d80000)
  from space 1536K, 98% used [0x0000000773f80000,0x00000007740fa380,0x0000000774100000)
  to   space 2048K, 0% used [0x0000000773d80000,0x0000000773d80000,0x0000000773f80000)
 ParOldGen       total 233984K, used 1240K [0x00000006da400000, 0x00000006e8880000, 0x0000000773700000)
  object space 233984K, 0% used [0x00000006da400000,0x00000006da536088,0x00000006e8880000)
 Metaspace       used 7454K, capacity 7530K, committed 7680K, reserved 1056768K
  class space    used 856K, capacity 913K, committed 1024K, reserved 1048576K
}
Event: 5.428 GC heap before
{Heap before GC invocations=9 (full 0):
 PSYoungGen      total 8192K, used 7373K [0x0000000773700000, 0x0000000774200000, 0x00000007c0000000)
  eden space 6656K, 88% used [0x0000000773700000,0x0000000773cb9310,0x0000000773d80000)
  from space 1536K, 98% used [0x0000000773f80000,0x00000007740fa380,0x0000000774100000)
  to   space 2048K, 0% used [0x0000000773d80000,0x0000000773d80000,0x0000000773f80000)
 ParOldGen       total 233984K, used 1240K [0x00000006da400000, 0x00000006e8880000, 0x0000000773700000)
  object space 233984K, 0% used [0x00000006da400000,0x00000006da536088,0x00000006e8880000)
 Metaspace       used 8791K, capacity 8848K, committed 8960K, reserved 1056768K
  class space    used 981K, capacity 1010K, committed 1024K, reserved 1048576K
Event: 5.430 GC heap after
Heap after GC invocations=9 (full 0):
 PSYoungGen      total 8704K, used 1824K [0x0000000773700000, 0x0000000774580000, 0x00000007c0000000)
  eden space 6656K, 0% used [0x0000000773700000,0x0000000773700000,0x0000000773d80000)
  from space 2048K, 89% used [0x0000000773d80000,0x0000000773f48360,0x0000000773f80000)
  to   space 2048K, 0% used [0x0000000774380000,0x0000000774380000,0x0000000774580000)
 ParOldGen       total 233984K, used 1896K [0x00000006da400000, 0x00000006e8880000, 0x0000000773700000)
  object space 233984K, 0% used [0x00000006da400000,0x00000006da5da2c0,0x00000006e8880000)
 Metaspace       used 8791K, capacity 8848K, committed 8960K, reserved 1056768K
  class space    used 981K, capacity 1010K, committed 1024K, reserved 1048576K
}
Event: 9.297 GC heap before
{Heap before GC invocations=10 (full 0):
 PSYoungGen      total 8704K, used 8480K [0x0000000773700000, 0x0000000774580000, 0x00000007c0000000)
  eden space 6656K, 100% used [0x0000000773700000,0x0000000773d80000,0x0000000773d80000)
  from space 2048K, 89% used [0x0000000773d80000,0x0000000773f48360,0x0000000773f80000)
  to   space 2048K, 0% used [0x0000000774380000,0x0000000774380000,0x0000000774580000)
 ParOldGen       total 233984K, used 1896K [0x00000006da400000, 0x00000006e8880000, 0x0000000773700000)
  object space 233984K, 0% used [0x00000006da400000,0x00000006da5da2c0,0x00000006e8880000)
 Metaspace       used 10755K, capacity 10862K, committed 11136K, reserved 1058816K
  class space    used 1061K, capacity 1074K, committed 1152K, reserved 1048576K
Event: 9.299 GC heap after
Heap after GC invocations=10 (full 0):
 PSYoungGen      total 12288K, used 2040K [0x0000000773700000, 0x0000000774680000, 0x00000007c0000000)
  eden space 10240K, 0% used [0x0000000773700000,0x0000000773700000,0x0000000774100000)
  from space 2048K, 99% used [0x0000000774380000,0x000000077457e380,0x0000000774580000)
  to   space 2560K, 0% used [0x0000000774100000,0x0000000774100000,0x0000000774380000)
 ParOldGen       total 233984K, used 2367K [0x00000006da400000, 0x00000006e8880000, 0x0000000773700000)
  object space 233984K, 1% used [0x00000006da400000,0x00000006da64fdd8,0x00000006e8880000)
 Metaspace       used 10755K, capacity 10862K, committed 11136K, reserved 1058816K
  class space    used 1061K, capacity 1074K, committed 1152K, reserved 1048576K
}

Deoptimization events (1 events):
Event: 0.322 Thread 0x000000001e302000 Uncommon trap: reason=unreached action=reinterpret pc=0x0000000002bf2240 method=sun.misc.URLClassPath$JarLoader.ensureOpen()V @ 4

Internal exceptions (10 events):
Event: 11.316 Thread 0x00000000028ae800 Exception <a 'java/lang/NullPointerException'> (0x00000007737fac50) thrown at [D:\re\workspace\8-2-build-windows-amd64-cygwin\jdk8\2238\hotspot\src\share\vm\interpreter\linkResolver.cpp, line 1169]
Event: 11.316 Thread 0x00000000028ae800 Exception <a 'java/lang/reflect/InvocationTargetException'> (0x00000007737fae00) thrown at [D:\re\workspace\8-2-build-windows-amd64-cygwin\jdk8\2238\hotspot\src\share\vm\runtime\reflection.cpp, line 1079]
Event: 11.316 Thread 0x00000000028ae800 Exception <a 'java/security/PrivilegedActionException'> (0x00000007737fb528) thrown at [D:\re\workspace\8-2-build-windows-amd64-cygwin\jdk8\2238\hotspot\src\share\vm\prims\jvm.cpp, line 1248]
Event: 11.317 Thread 0x00000000028ae800 Exception <a 'java/security/PrivilegedActionException'> (0x0000000773803af0) thrown at [D:\re\workspace\8-2-build-windows-amd64-cygwin\jdk8\2238\hotspot\src\share\vm\prims\jvm.cpp, line 1248]
Event: 11.317 Thread 0x00000000028ae800 Exception <a 'java/security/PrivilegedActionException'> (0x000000077380b128) thrown at [D:\re\workspace\8-2-build-windows-amd64-cygwin\jdk8\2238\hotspot\src\share\vm\prims\jvm.cpp, line 1248]
Event: 11.318 Thread 0x00000000028ae800 Exception <a 'java/security/PrivilegedActionException'> (0x0000000773812d58) thrown at [D:\re\workspace\8-2-build-windows-amd64-cygwin\jdk8\2238\hotspot\src\share\vm\prims\jvm.cpp, line 1248]
Event: 11.318 Thread 0x00000000028ae800 Exception <a 'java/security/PrivilegedActionException'> (0x00000007738195b8) thrown at [D:\re\workspace\8-2-build-windows-amd64-cygwin\jdk8\2238\hotspot\src\share\vm\prims\jvm.cpp, line 1248]
Event: 11.318 Thread 0x00000000028ae800 Exception <a 'java/security/PrivilegedActionException'> (0x000000077381fdb0) thrown at [D:\re\workspace\8-2-build-windows-amd64-cygwin\jdk8\2238\hotspot\src\share\vm\prims\jvm.cpp, line 1248]
Event: 14.337 Thread 0x00000000028ae800 Exception <a 'java/security/PrivilegedActionException'> (0x00000007738dcf30) thrown at [D:\re\workspace\8-2-build-windows-amd64-cygwin\jdk8\2238\hotspot\src\share\vm\prims\jvm.cpp, line 1248]
Event: 14.338 Thread 0x000000001d8fa000 Exception <a 'java/net/SocketException': Socket closed> (0x000000077390ce90) thrown at [D:\re\workspace\8-2-build-windows-amd64-cygwin\jdk8\2238\hotspot\src\share\vm\prims\jni.cpp, line 742]

Events (10 events):
Event: 14.343 loading class java/lang/ProcessEnvironment$EntryComparator
Event: 14.343 loading class java/lang/ProcessEnvironment$EntryComparator done
Event: 14.343 loading class java/util/Collections$UnmodifiableMap
Event: 14.343 loading class java/util/Collections$UnmodifiableMap done
Event: 14.344 loading class java/lang/ProcessEnvironment$CheckedEntrySet
Event: 14.344 loading class java/lang/ProcessEnvironment$CheckedEntrySet done
Event: 14.344 loading class java/lang/ProcessEnvironment$CheckedEntrySet$1
Event: 14.344 loading class java/lang/ProcessEnvironment$CheckedEntrySet$1 done
Event: 14.344 loading class java/lang/ProcessEnvironment$CheckedEntry
Event: 14.344 loading class java/lang/ProcessEnvironment$CheckedEntry done


Dynamic libraries:
0x00007ff662710000 - 0x00007ff662744000 	D:\Program Files\Java\jre8\bin\javaw.exe
0x00007ffb92580000 - 0x00007ffb92729000 	C:\Windows\SYSTEM32\ntdll.dll
0x00007ffb90860000 - 0x00007ffb9099a000 	C:\Windows\system32\KERNEL32.DLL
0x00007ffb8fc00000 - 0x00007ffb8fd0f000 	C:\Windows\system32\KERNELBASE.dll
0x00007ffb92040000 - 0x00007ffb920e5000 	C:\Windows\system32\ADVAPI32.dll
0x00007ffb901f0000 - 0x00007ffb90361000 	C:\Windows\system32\USER32.dll
0x00007ffb8dac0000 - 0x00007ffb8dd1a000 	C:\Windows\WinSxS\amd64_microsoft.windows.common-controls_6595b64144ccf1df_6.0.9600.16384_none_62475f7becb72503\COMCTL32.dll
0x00007ffb92150000 - 0x00007ffb921f7000 	C:\Windows\system32\msvcrt.dll
0x00007ffb8fe10000 - 0x00007ffb8fe67000 	C:\Windows\SYSTEM32\sechost.dll
0x00007ffb8fe70000 - 0x00007ffb8ffa6000 	C:\Windows\system32\RPCRT4.dll
0x00007ffb91e40000 - 0x00007ffb91f85000 	C:\Windows\system32\GDI32.dll
0x00007ffb90150000 - 0x00007ffb90184000 	C:\Windows\system32\IMM32.DLL
0x00007ffb92440000 - 0x00007ffb92579000 	C:\Windows\system32\MSCTF.dll
0x00007ffb8f8c0000 - 0x00007ffb8f8ef000 	C:\Windows\system32\nvinitx.dll
0x000000005c200000 - 0x000000005c2d2000 	D:\Program Files\Java\jre8\bin\msvcr100.dll
0x000000005b5a0000 - 0x000000005bdca000 	D:\Program Files\Java\jre8\bin\server\jvm.dll
0x00007ffb81b10000 - 0x00007ffb81b19000 	C:\Windows\SYSTEM32\WSOCK32.dll
0x00007ffb8d5a0000 - 0x00007ffb8d5bf000 	C:\Windows\SYSTEM32\WINMM.dll
0x00007ffb909a0000 - 0x00007ffb909a7000 	C:\Windows\system32\PSAPI.DLL
0x00007ffb920f0000 - 0x00007ffb92148000 	C:\Windows\system32\WS2_32.dll
0x00007ffb8d4f0000 - 0x00007ffb8d51a000 	C:\Windows\SYSTEM32\WINMMBASE.dll
0x00007ffb90370000 - 0x00007ffb90379000 	C:\Windows\system32\NSI.dll
0x00007ffb8fd10000 - 0x00007ffb8fd5a000 	C:\Windows\SYSTEM32\cfgmgr32.dll
0x00007ffb8e760000 - 0x00007ffb8e786000 	C:\Windows\SYSTEM32\DEVOBJ.dll
0x000000005c1f0000 - 0x000000005c1ff000 	D:\Program Files\Java\jre8\bin\verify.dll
0x000000005c1c0000 - 0x000000005c1e8000 	D:\Program Files\Java\jre8\bin\java.dll
0x000000005c1a0000 - 0x000000005c1b6000 	D:\Program Files\Java\jre8\bin\zip.dll
0x00007ffb90a30000 - 0x00007ffb91e3e000 	C:\Windows\system32\SHELL32.dll
0x00007ffb90500000 - 0x00007ffb906d7000 	C:\Windows\SYSTEM32\combase.dll
0x00007ffb923e0000 - 0x00007ffb92431000 	C:\Windows\system32\SHLWAPI.dll
0x00007ffb8df00000 - 0x00007ffb8dfa1000 	C:\Windows\SYSTEM32\SHCORE.dll
0x00007ffb8f900000 - 0x00007ffb8f914000 	C:\Windows\SYSTEM32\profapi.dll
0x000000005c180000 - 0x000000005c19a000 	D:\Program Files\Java\jre8\bin\net.dll
0x00007ffb8f130000 - 0x00007ffb8f188000 	C:\Windows\system32\mswsock.dll
0x00007ffb8ef40000 - 0x00007ffb8efe3000 	C:\Windows\SYSTEM32\DNSAPI.dll
0x00007ffb8a480000 - 0x00007ffb8a489000 	C:\Windows\System32\rasadhlp.dll
0x00007ffb89210000 - 0x00007ffb89239000 	C:\Windows\SYSTEM32\IPHLPAPI.DLL
0x00007ffb89330000 - 0x00007ffb8933a000 	C:\Windows\SYSTEM32\WINNSI.DLL
0x00007ffb88f00000 - 0x00007ffb88f67000 	C:\Windows\System32\fwpuclnt.dll
0x00007ffb8f190000 - 0x00007ffb8f1ae000 	C:\Windows\SYSTEM32\CRYPTSP.dll
0x00007ffb8edd0000 - 0x00007ffb8ee05000 	C:\Windows\system32\rsaenh.dll
0x00007ffb8f3c0000 - 0x00007ffb8f3e6000 	C:\Windows\SYSTEM32\bcrypt.dll
0x00007ffb8eee0000 - 0x00007ffb8eeff000 	C:\Windows\SYSTEM32\USERENV.dll
0x00007ffb8f6e0000 - 0x00007ffb8f73e000 	C:\Windows\system32\bcryptprimitives.dll
0x00007ffb8f740000 - 0x00007ffb8f74a000 	C:\Windows\SYSTEM32\CRYPTBASE.dll
0x00007ffb7bc40000 - 0x00007ffb7bc54000 	C:\Windows\system32\napinsp.dll
0x00007ffb7bc20000 - 0x00007ffb7bc39000 	C:\Windows\system32\pnrpnsp.dll
0x00007ffb8c870000 - 0x00007ffb8c889000 	C:\Windows\system32\NLAapi.dll
0x00007ffb7bc10000 - 0x00007ffb7bc1c000 	C:\Windows\System32\winrnr.dll
0x000000005c160000 - 0x000000005c171000 	D:\Program Files\Java\jre8\bin\nio.dll
0x0000000180000000 - 0x0000000180037000 	D:\UserTemp\jna6512787880913958844.dll
0x00007ffb7ed90000 - 0x00007ffb7ef18000 	C:\Windows\SYSTEM32\dbghelp.dll

VM Arguments:
jvm_args: -Dfile.encoding=Cp1252 
java_command: org.eclipse.jdt.internal.junit.runner.RemoteTestRunner -version 3 -port 64660 -testLoaderClass org.eclipse.jdt.internal.junit4.runner.JUnit4TestLoader -loaderpluginname org.eclipse.jdt.junit4.runtime -classNames gui.TaskBoxUITest
java_class_path (initial): D:\Documents\main\bin;D:\Documents\main\resource\natty.jar;D:\Documents\main\resource\json-simple-1.1.1.jar;D:\Documents\main\resource\swt.jar;D:\Documents\main\resource\google-api-client-1.18.0-rc-sources.jar;D:\Documents\main\resource\google-api-client-appengine-1.18.0-rc-sources.jar;D:\Documents\main\resource\google-api-client-servlet-1.18.0-rc-sources.jar;D:\Documents\main\resource\google-http-client-1.18.0-rc-sources.jar;D:\Documents\main\resource\google-http-client-appengine-1.18.0-rc-sources.jar;D:\Documents\main\resource\google-http-client-gson-1.18.0-rc-sources.jar;D:\Documents\main\resource\google-http-client-jackson2-1.18.0-rc-sources.jar;D:\Documents\main\resource\google-http-client-jdo-1.18.0-rc-sources.jar;D:\Documents\main\resource\google-oauth-client-1.18.0-rc-sources.jar;D:\Documents\main\resource\google-oauth-client-appengine-1.18.0-rc-sources.jar;D:\Documents\main\resource\google-oauth-client-servlet-1.18.0-rc-sources.jar;D:\Documents\main\resource\gson-2.1-sources.jar;D:\Documents\main\resource\jackson-core-2.1.3-sources.jar;D:\Documents\main\resource\jdo2-api-2.3-eb-sources.jar;D:\Documents\main\resource\google-api-client-1.18.0-rc.jar;D:\Documents\main\resource\google-api-client-appengine-1.18.0-rc.jar;D:\Documents\main\resource\google-api-client-servlet-1.18.0-rc.jar;D:\Documents\main\resource\google-http-client-1.18.0-rc.jar;D:\Documents\main\resource\google-http-client-appengine-1.18.0-rc.jar;D:\Documents\main\resource\google-http-client-gson-1.18.0-rc.jar;D:\Documents\main\resource\google-http-client-jackson2-1.18.0-rc.jar;D:\Documents\main\resource\google-http-client-jdo-1.18.0-rc.jar;D:\Documents\main\resource\google-oauth-client-1.18.0-rc.jar;D:\Documents\main\resource\google-oauth-client-appengine-1.18.0-rc.jar;D:\Documents\main\resource\google-oauth-client-servlet-1.18.0-rc.jar;D:\Documents\main\resource\gson-2.1.jar;D:\Documents\main\resource\jackson-core-2.1.3.jar;D:\Documents\main\resource\jdo2-api-2.3-e
Launcher Type: SUN_STANDARD

Environment Variables:
PATH=C:\Windows\system32;C:\Windows;C:\Windows\System32\Wbem;C:\Windows\System32\WindowsPowerShell\v1.0\;D:\Program Files\nodejs\;D:\Program Files\Java\jdk1.8.0\bin;D:\Program Files\Java\jre8\bin;C:\Program Files (x86)\Windows Kits\8.1\Windows Performance Toolkit\;C:\Program Files (x86)\Microsoft SDKs\TypeScript\1.0\;D:\Program Files\MATLAB\R2014a\runtime\win64;D:\Program Files\MATLAB\R2014a\bin;D:\Program Files\MATLAB\R2014a\polyspace\bin;D:\RailsInstaller\Git\cmd;D:\RailsInstaller\Ruby1.9.3\bin;C:\Users\Alex\AppData\Roaming\npm;.;;.;;.;
USERNAME=Alex
OS=Windows_NT
PROCESSOR_IDENTIFIER=Intel64 Family 6 Model 58 Stepping 9, GenuineIntel



---------------  S Y S T E M  ---------------

OS: Windows 8.1 , 64 bit Build 9600 

CPU:total 8 (4 cores per cpu, 2 threads per core) family 6 model 58 stepping 9, cmov, cx8, fxsr, mmx, sse, sse2, sse3, ssse3, sse4.1, sse4.2, popcnt, avx, aes, clmul, erms, ht, tsc, tscinvbit

Memory: 4k page, physical 15049064k(10935136k free), swap 30253416k(24178248k free)

vm_info: Java HotSpot(TM) 64-Bit Server VM (25.0-b70) for windows-amd64 JRE (1.8.0-b132), built on Mar  4 2014 03:46:18 by "java_re" with MS VC++ 10.0 (VS2010)

time: Mon Nov 10 06:37:08 2014
elapsed time: 14 seconds

