#
# A fatal error has been detected by the Java Runtime Environment:
#
#  EXCEPTION_ACCESS_VIOLATION (0xc0000005) at pc=0x000000005b6d61ce, pid=5964, tid=2636
#
# JRE version: Java(TM) SE Runtime Environment (8.0-b132) (build 1.8.0-b132)
# Java VM: Java HotSpot(TM) 64-Bit Server VM (25.0-b70 mixed mode windows-amd64 compressed oops)
# Problematic frame:
# V  [jvm.dll+0x1361ce]
#
# Failed to write core dump. Minidumps are not enabled by default on client versions of Windows
#
# If you would like to submit a bug report, please visit:
#   http://bugreport.sun.com/bugreport/crash.jsp
#

---------------  T H R E A D  ---------------

Current thread (0x000000001e46d800):  JavaThread "Thread-6" [_thread_in_vm, id=2636, stack(0x000000001f090000,0x000000001f190000)]

siginfo: ExceptionCode=0xc0000005, reading address 0x0000000000000000

Registers:
RAX=0x0000000000000000, RBX=0x0000000000000000, RCX=0x0000000000000d80, RDX=0x0000000000000000
RSP=0x000000001f18ea70, RBP=0x000000001f18ecd0, RSI=0x000000001e46d9e0, RDI=0x000000001e46d800
R8 =0x000000000264e418, R9 =0x0000000000000000, R10=0x00007ff661eb6800, R11=0x000000001e9910a0
R12=0x0000000000000000, R13=0x000000001afa7798, R14=0x000000001f18f000, R15=0x000000001e46d800
RIP=0x000000005b6d61ce, EFLAGS=0x0000000000010246

Top of Stack: (sp=0x000000001f18ea70)
0x000000001f18ea70:   cccccccc00000000 000000001f18ee48
0x000000001f18ea80:   000000001f18eaf8 000000001e991158
0x000000001f18ea90:   0000000000000008 cccccccc00000005
0x000000001f18eaa0:   000000001f18ebe8 00000001800161e1
0x000000001f18eab0:   000000001f18ead0 000000001f18eb78
0x000000001f18eac0:   000000001f18ebe8 000000001e46d800
0x000000001f18ead0:   0000000000000000 000000001f18eb20
0x000000001f18eae0:   0000000040200020 0000000000000000
0x000000001f18eaf0:   0000000000000001 00000001800161ca
0x000000001f18eb00:   0000000000000003 000000000264d090
0x000000001f18eb10:   000000000000035f 000000001e46d800
0x000000001f18eb20:   000000001afa7798 0000000000000000
0x000000001f18eb30:   000000001f18eee8 0000000040200020
0x000000001f18eb40:   000000001afa7798 0000000180007aae
0x000000001f18eb50:   0000000040200020 000000000000000a
0x000000001f18eb60:   000000000264e418 0000000000000000 

Instructions: (pc=0x000000005b6d61ce)
0x000000005b6d61ae:   00 48 83 7f 08 00 48 89 7c 24 58 48 c7 44 24 60
0x000000005b6d61be:   00 00 00 00 74 0a 48 8d 4c 24 58 e8 e2 5d 12 00
0x000000005b6d61ce:   48 8b 0b e8 2a 67 f2 ff 4c 8b c7 33 d2 48 8b d8
0x000000005b6d61de:   48 8b 00 48 8b cb ff 50 70 48 83 7f 08 00 74 04 


Register to memory mapping:

RAX=0x0000000000000000 is an unknown value
RBX=0x0000000000000000 is an unknown value
RCX=0x0000000000000d80 is an unknown value
RDX=0x0000000000000000 is an unknown value
RSP=0x000000001f18ea70 is pointing into the stack for thread: 0x000000001e46d800
RBP=0x000000001f18ecd0 is pointing into the stack for thread: 0x000000001e46d800
RSI=0x000000001e46d9e0 is an unknown value
RDI=0x000000001e46d800 is a thread
R8 =0x000000000264e418 is an unknown value
R9 =0x0000000000000000 is an unknown value
R10=0x00007ff661eb6800 is an unknown value
R11=0x000000001e9910a0 is an unknown value
R12=0x0000000000000000 is an unknown value
R13=0x000000001afa7798 is an unknown value
R14=0x000000001f18f000 is pointing into the stack for thread: 0x000000001e46d800
R15=0x000000001e46d800 is a thread


Stack: [0x000000001f090000,0x000000001f190000],  sp=0x000000001f18ea70,  free space=1018k
Native frames: (J=compiled Java code, j=interpreted, Vv=VM code, C=native code)
V  [jvm.dll+0x1361ce]
C  [jna193784194660942211.dll+0x7aae]
C  [jna193784194660942211.dll+0xc54d]
C  [jna193784194660942211.dll+0xc10e]
C  [jna193784194660942211.dll+0xed9b]
C  [jna193784194660942211.dll+0x16192]
C  0x00000000026651ae

Java frames: (J=compiled Java code, j=interpreted, Vv=VM code)
j  gui.windows.User32.PeekMessage(Lgui/windows/User32$MSG;Lcom/sun/jna/Pointer;III)Z+0
j  gui.windows.WindowsProvider$1.run()V+82
j  java.lang.Thread.run()V+11
v  ~StubRoutines::call_stub

---------------  P R O C E S S  ---------------

Java Threads: ( => current thread )
  0x000000001d489800 JavaThread "Thread-2" [_thread_blocked, id=1312, stack(0x000000001de50000,0x000000001df50000)]
  0x000000001d48a800 JavaThread "Thread-23" [_thread_blocked, id=736, stack(0x0000000022430000,0x0000000022530000)]
  0x000000001d485800 JavaThread "Thread-22" [_thread_blocked, id=4352, stack(0x0000000022330000,0x0000000022430000)]
  0x000000001d486800 JavaThread "Thread-21" [_thread_blocked, id=4720, stack(0x0000000022230000,0x0000000022330000)]
  0x000000001d489000 JavaThread "Thread-20" [_thread_blocked, id=3156, stack(0x0000000022130000,0x0000000022230000)]
  0x000000001d487000 JavaThread "Thread-19" [_thread_blocked, id=2124, stack(0x0000000022030000,0x0000000022130000)]
  0x000000001d28f000 JavaThread "Thread-18" [_thread_blocked, id=5856, stack(0x0000000021f30000,0x0000000022030000)]
  0x000000001d28d800 JavaThread "Thread-17" [_thread_blocked, id=2264, stack(0x0000000021e30000,0x0000000021f30000)]
  0x000000001d28e800 JavaThread "Thread-16" [_thread_blocked, id=5816, stack(0x0000000021d30000,0x0000000021e30000)]
  0x000000001d28c000 JavaThread "Thread-15" [_thread_blocked, id=4440, stack(0x0000000021c30000,0x0000000021d30000)]
  0x000000001d28d000 JavaThread "Thread-14" [_thread_blocked, id=1400, stack(0x0000000021b30000,0x0000000021c30000)]
  0x000000001d28a800 JavaThread "Thread-13" [_thread_blocked, id=2260, stack(0x0000000021a30000,0x0000000021b30000)]
  0x000000001d289000 JavaThread "Thread-12" [_thread_blocked, id=4404, stack(0x0000000021930000,0x0000000021a30000)]
  0x000000001d28a000 JavaThread "Thread-11" [_thread_blocked, id=5916, stack(0x000000001f690000,0x000000001f790000)]
  0x000000001e47c000 JavaThread "Thread-10" [_thread_blocked, id=2308, stack(0x000000001f590000,0x000000001f690000)]
  0x000000001e47b800 JavaThread "Thread-9" [_thread_blocked, id=4128, stack(0x000000001f490000,0x000000001f590000)]
  0x000000001e476000 JavaThread "Thread-8" [_thread_blocked, id=6092, stack(0x000000001f290000,0x000000001f390000)]
  0x000000001e475800 JavaThread "Thread-7" [_thread_blocked, id=952, stack(0x000000001f190000,0x000000001f290000)]
=>0x000000001e46d800 JavaThread "Thread-6" [_thread_in_vm, id=2636, stack(0x000000001f090000,0x000000001f190000)]
  0x000000001e465000 JavaThread "Thread-5" [_thread_blocked, id=5300, stack(0x000000001ef90000,0x000000001f090000)]
  0x000000001e464800 JavaThread "Thread-4" [_thread_blocked, id=5756, stack(0x000000001ee90000,0x000000001ef90000)]
  0x000000001e463800 JavaThread "Thread-3" [_thread_blocked, id=1236, stack(0x000000001ed90000,0x000000001ee90000)]
  0x000000001e43d800 JavaThread "Thread-1" [_thread_blocked, id=3244, stack(0x000000001e750000,0x000000001e850000)]
  0x000000001d305800 JavaThread "Service Thread" daemon [_thread_blocked, id=4608, stack(0x000000001dc50000,0x000000001dd50000)]
  0x000000001d28b800 JavaThread "C1 CompilerThread3" daemon [_thread_blocked, id=1028, stack(0x000000001db50000,0x000000001dc50000)]
  0x000000001d282800 JavaThread "C2 CompilerThread2" daemon [_thread_blocked, id=208, stack(0x000000001da50000,0x000000001db50000)]
  0x000000001d27a800 JavaThread "C2 CompilerThread1" daemon [_thread_blocked, id=4300, stack(0x000000001d950000,0x000000001da50000)]
  0x000000001d278800 JavaThread "C2 CompilerThread0" daemon [_thread_blocked, id=4088, stack(0x000000001d850000,0x000000001d950000)]
  0x000000001d277000 JavaThread "Attach Listener" daemon [_thread_blocked, id=5716, stack(0x000000001d750000,0x000000001d850000)]
  0x000000001d276000 JavaThread "Signal Dispatcher" daemon [_thread_blocked, id=2676, stack(0x000000001d650000,0x000000001d750000)]
  0x0000000002647000 JavaThread "Finalizer" daemon [_thread_blocked, id=1800, stack(0x000000001d140000,0x000000001d240000)]
  0x0000000002640000 JavaThread "Reference Handler" daemon [_thread_blocked, id=5868, stack(0x000000001d040000,0x000000001d140000)]
  0x00000000009de800 JavaThread "main" [_thread_blocked, id=5196, stack(0x0000000002450000,0x0000000002550000)]

Other Threads:
  0x000000001b257800 VMThread [stack: 0x000000001cf40000,0x000000001d040000] [id=2580]
  0x000000001d30a800 WatcherThread [stack: 0x000000001dd50000,0x000000001de50000] [id=3804]

VM state:synchronizing (normal execution)

VM Mutex/Monitor currently owned by a thread:  ([mutex/lock_event])
[0x00000000009ddcc0] Threads_lock - owner thread: 0x000000001b257800
[0x00000000025501d0] Compile_lock - owner thread: 0x000000001d489800

Heap:
 PSYoungGen      total 7680K, used 6410K [0x0000000773700000, 0x0000000774500000, 0x00000007c0000000)
  eden space 6144K, 79% used [0x0000000773700000,0x0000000773bc6108,0x0000000773d00000)
  from space 1536K, 99% used [0x0000000773d00000,0x0000000773e7ca98,0x0000000773e80000)
  to   space 2048K, 0% used [0x0000000774300000,0x0000000774300000,0x0000000774500000)
 ParOldGen       total 233984K, used 2636K [0x00000006da400000, 0x00000006e8880000, 0x0000000773700000)
  object space 233984K, 1% used [0x00000006da400000,0x00000006da6932f0,0x00000006e8880000)
 Metaspace       used 10769K, capacity 10894K, committed 11136K, reserved 1058816K
  class space    used 1070K, capacity 1106K, committed 1152K, reserved 1048576K

Card table byte_map: [0x0000000011a10000,0x0000000012140000] byte_map_base: 0x000000000e33e000

Marking Bits: (ParMarkBitMap*) 0x000000005bd513b0
 Begin Bits: [0x0000000012e10000, 0x0000000016780000)
 End Bits:   [0x0000000016780000, 0x000000001a0f0000)

Polling page: 0x00000000009c0000

CodeCache: size=245760Kb used=3483Kb max_used=3487Kb free=242276Kb
 bounds [0x0000000002650000, 0x00000000029c0000, 0x0000000011650000]
 total_blobs=1215 nmethods=868 adapters=261
 compilation: enabled

Compilation events (10 events):
Event: 12.250 Thread 0x000000001d28b800  864       3       java.nio.Buffer::limit (62 bytes)
Event: 12.251 Thread 0x000000001d28b800 nmethod 864 0x00000000029b5110 code [0x00000000029b5280, 0x00000000029b5568]
Event: 12.252 Thread 0x000000001d28b800  865       3       java.nio.charset.CoderResult::isUnderflow (13 bytes)
Event: 12.252 Thread 0x000000001d28b800 nmethod 865 0x00000000029b70d0 code [0x00000000029b7220, 0x00000000029b73d0]
Event: 12.254 Thread 0x000000001d28b800  866       3       java.lang.CharacterDataLatin1::isOtherUppercase (18 bytes)
Event: 12.254 Thread 0x000000001d28b800 nmethod 866 0x00000000029b6bd0 code [0x00000000029b6d40, 0x00000000029b6f90]
Event: 12.254 Thread 0x000000001d28b800  867       3       java.lang.CharacterDataLatin1::getPropertiesEx (11 bytes)
Event: 12.254 Thread 0x000000001d28b800 nmethod 867 0x00000000029b6810 code [0x00000000029b6960, 0x00000000029b6af0]
Event: 12.255 Thread 0x000000001d28b800  868       3       java.util.Formatter$Conversion::isValid (47 bytes)
Event: 12.255 Thread 0x000000001d28b800 nmethod 868 0x00000000029b6150 code [0x00000000029b62e0, 0x00000000029b6708]

GC Heap History (10 events):
Event: 0.197 GC heap before
{Heap before GC invocations=7 (full 0):
 PSYoungGen      total 3072K, used 2800K [0x0000000773700000, 0x0000000773b00000, 0x00000007c0000000)
  eden space 2048K, 100% used [0x0000000773700000,0x0000000773900000,0x0000000773900000)
  from space 1024K, 73% used [0x0000000773a00000,0x0000000773abc010,0x0000000773b00000)
  to   space 1024K, 0% used [0x0000000773900000,0x0000000773900000,0x0000000773a00000)
 ParOldGen       total 233984K, used 774K [0x00000006da400000, 0x00000006e8880000, 0x0000000773700000)
  object space 233984K, 0% used [0x00000006da400000,0x00000006da4c1938,0x00000006e8880000)
 Metaspace       used 4874K, capacity 5028K, committed 5248K, reserved 1056768K
  class space    used 557K, capacity 592K, committed 640K, reserved 1048576K
Event: 0.198 GC heap after
Heap after GC invocations=7 (full 0):
 PSYoungGen      total 3072K, used 768K [0x0000000773700000, 0x0000000773d00000, 0x00000007c0000000)
  eden space 2048K, 0% used [0x0000000773700000,0x0000000773700000,0x0000000773900000)
  from space 1024K, 75% used [0x0000000773900000,0x00000007739c0000,0x0000000773a00000)
  to   space 1024K, 0% used [0x0000000773c00000,0x0000000773c00000,0x0000000773d00000)
 ParOldGen       total 233984K, used 1142K [0x00000006da400000, 0x00000006e8880000, 0x0000000773700000)
  object space 233984K, 0% used [0x00000006da400000,0x00000006da51d988,0x00000006e8880000)
 Metaspace       used 4874K, capacity 5028K, committed 5248K, reserved 1056768K
  class space    used 557K, capacity 592K, committed 640K, reserved 1048576K
}
Event: 0.229 GC heap before
{Heap before GC invocations=8 (full 0):
 PSYoungGen      total 3072K, used 2753K [0x0000000773700000, 0x0000000773d00000, 0x00000007c0000000)
  eden space 2048K, 96% used [0x0000000773700000,0x00000007738f04c0,0x0000000773900000)
  from space 1024K, 75% used [0x0000000773900000,0x00000007739c0000,0x0000000773a00000)
  to   space 1024K, 0% used [0x0000000773c00000,0x0000000773c00000,0x0000000773d00000)
 ParOldGen       total 233984K, used 1142K [0x00000006da400000, 0x00000006e8880000, 0x0000000773700000)
  object space 233984K, 0% used [0x00000006da400000,0x00000006da51d988,0x00000006e8880000)
 Metaspace       used 5537K, capacity 5604K, committed 5888K, reserved 1056768K
  class space    used 637K, capacity 656K, committed 768K, reserved 1048576K
Event: 0.230 GC heap after
Heap after GC invocations=8 (full 0):
 PSYoungGen      total 4608K, used 994K [0x0000000773700000, 0x0000000773e00000, 0x00000007c0000000)
  eden space 3584K, 0% used [0x0000000773700000,0x0000000773700000,0x0000000773a80000)
  from space 1024K, 97% used [0x0000000773c00000,0x0000000773cf8938,0x0000000773d00000)
  to   space 1536K, 0% used [0x0000000773a80000,0x0000000773a80000,0x0000000773c00000)
 ParOldGen       total 233984K, used 1293K [0x00000006da400000, 0x00000006e8880000, 0x0000000773700000)
  object space 233984K, 0% used [0x00000006da400000,0x00000006da543498,0x00000006e8880000)
 Metaspace       used 5537K, capacity 5604K, committed 5888K, reserved 1056768K
  class space    used 637K, capacity 656K, committed 768K, reserved 1048576K
}
Event: 0.284 GC heap before
{Heap before GC invocations=9 (full 0):
 PSYoungGen      total 4608K, used 4578K [0x0000000773700000, 0x0000000773e00000, 0x00000007c0000000)
  eden space 3584K, 100% used [0x0000000773700000,0x0000000773a80000,0x0000000773a80000)
  from space 1024K, 97% used [0x0000000773c00000,0x0000000773cf8938,0x0000000773d00000)
  to   space 1536K, 0% used [0x0000000773a80000,0x0000000773a80000,0x0000000773c00000)
 ParOldGen       total 233984K, used 1293K [0x00000006da400000, 0x00000006e8880000, 0x0000000773700000)
  object space 233984K, 0% used [0x00000006da400000,0x00000006da543498,0x00000006e8880000)
 Metaspace       used 6552K, capacity 6602K, committed 6656K, reserved 1056768K
  class space    used 742K, capacity 753K, committed 768K, reserved 1048576K
Event: 0.285 GC heap after
Heap after GC invocations=9 (full 0):
 PSYoungGen      total 5120K, used 1407K [0x0000000773700000, 0x0000000774000000, 0x00000007c0000000)
  eden space 3584K, 0% used [0x0000000773700000,0x0000000773700000,0x0000000773a80000)
  from space 1536K, 91% used [0x0000000773a80000,0x0000000773bdfe78,0x0000000773c00000)
  to   space 1536K, 0% used [0x0000000773e80000,0x0000000773e80000,0x0000000774000000)
 ParOldGen       total 233984K, used 1445K [0x00000006da400000, 0x00000006e8880000, 0x0000000773700000)
  object space 233984K, 0% used [0x00000006da400000,0x00000006da5694d8,0x00000006e8880000)
 Metaspace       used 6552K, capacity 6602K, committed 6656K, reserved 1056768K
  class space    used 742K, capacity 753K, committed 768K, reserved 1048576K
}
Event: 0.356 GC heap before
{Heap before GC invocations=10 (full 0):
 PSYoungGen      total 5120K, used 4991K [0x0000000773700000, 0x0000000774000000, 0x00000007c0000000)
  eden space 3584K, 100% used [0x0000000773700000,0x0000000773a80000,0x0000000773a80000)
  from space 1536K, 91% used [0x0000000773a80000,0x0000000773bdfe78,0x0000000773c00000)
  to   space 1536K, 0% used [0x0000000773e80000,0x0000000773e80000,0x0000000774000000)
 ParOldGen       total 233984K, used 1445K [0x00000006da400000, 0x00000006e8880000, 0x0000000773700000)
  object space 233984K, 0% used [0x00000006da400000,0x00000006da5694d8,0x00000006e8880000)
 Metaspace       used 8188K, capacity 8266K, committed 8448K, reserved 1056768K
  class space    used 927K, capacity 945K, committed 1024K, reserved 1048576K
Event: 0.357 GC heap after
Heap after GC invocations=10 (full 0):
 PSYoungGen      total 7680K, used 1058K [0x0000000773700000, 0x0000000774000000, 0x00000007c0000000)
  eden space 6144K, 0% used [0x0000000773700000,0x0000000773700000,0x0000000773d00000)
  from space 1536K, 68% used [0x0000000773e80000,0x0000000773f888a0,0x0000000774000000)
  to   space 1536K, 0% used [0x0000000773d00000,0x0000000773d00000,0x0000000773e80000)
 ParOldGen       total 233984K, used 1921K [0x00000006da400000, 0x00000006e8880000, 0x0000000773700000)
  object space 233984K, 0% used [0x00000006da400000,0x00000006da5e04e8,0x00000006e8880000)
 Metaspace       used 8188K, capacity 8266K, committed 8448K, reserved 1056768K
  class space    used 927K, capacity 945K, committed 1024K, reserved 1048576K
}
Event: 5.819 GC heap before
{Heap before GC invocations=11 (full 0):
 PSYoungGen      total 7680K, used 7202K [0x0000000773700000, 0x0000000774000000, 0x00000007c0000000)
  eden space 6144K, 100% used [0x0000000773700000,0x0000000773d00000,0x0000000773d00000)
  from space 1536K, 68% used [0x0000000773e80000,0x0000000773f888a0,0x0000000774000000)
  to   space 1536K, 0% used [0x0000000773d00000,0x0000000773d00000,0x0000000773e80000)
 ParOldGen       total 233984K, used 1921K [0x00000006da400000, 0x00000006e8880000, 0x0000000773700000)
  object space 233984K, 0% used [0x00000006da400000,0x00000006da5e04e8,0x00000006e8880000)
 Metaspace       used 9610K, capacity 9678K, committed 9856K, reserved 1058816K
  class space    used 990K, capacity 1042K, committed 1152K, reserved 1048576K
Event: 5.825 GC heap after
Heap after GC invocations=11 (full 0):
 PSYoungGen      total 7680K, used 1522K [0x0000000773700000, 0x0000000774500000, 0x00000007c0000000)
  eden space 6144K, 0% used [0x0000000773700000,0x0000000773700000,0x0000000773d00000)
  from space 1536K, 99% used [0x0000000773d00000,0x0000000773e7ca98,0x0000000773e80000)
  to   space 2048K, 0% used [0x0000000774300000,0x0000000774300000,0x0000000774500000)
 ParOldGen       total 233984K, used 2636K [0x00000006da400000, 0x00000006e8880000, 0x0000000773700000)
  object space 233984K, 1% used [0x00000006da400000,0x00000006da6932f0,0x00000006e8880000)
 Metaspace       used 9610K, capacity 9678K, committed 9856K, reserved 1058816K
  class space    used 990K, capacity 1042K, committed 1152K, reserved 1048576K
}

Deoptimization events (2 events):
Event: 0.314 Thread 0x000000001e43d800 Uncommon trap: reason=unreached action=reinterpret pc=0x000000000281d948 method=sun.misc.URLClassPath$JarLoader.ensureOpen()V @ 4
Event: 0.315 Thread 0x000000001e43d800 Uncommon trap: reason=unreached action=reinterpret pc=0x0000000002866ce4 method=java.util.zip.ZipCoder.encoder()Ljava/nio/charset/CharsetEncoder; @ 4

Internal exceptions (10 events):
Event: 6.204 Thread 0x00000000009de800 Exception <a 'java/security/PrivilegedActionException'> (0x0000000773a28ba0) thrown at [D:\re\workspace\8-2-build-windows-amd64-cygwin\jdk8\2238\hotspot\src\share\vm\prims\jvm.cpp, line 1248]
Event: 6.205 Thread 0x00000000009de800 Exception <a 'java/security/PrivilegedActionException'> (0x0000000773a2c890) thrown at [D:\re\workspace\8-2-build-windows-amd64-cygwin\jdk8\2238\hotspot\src\share\vm\prims\jvm.cpp, line 1248]
Event: 6.206 Thread 0x00000000009de800 Exception <a 'java/security/PrivilegedActionException'> (0x0000000773a2e6e0) thrown at [D:\re\workspace\8-2-build-windows-amd64-cygwin\jdk8\2238\hotspot\src\share\vm\prims\jvm.cpp, line 1248]
Event: 6.209 Thread 0x00000000009de800 Exception <a 'java/security/PrivilegedActionException'> (0x0000000773a3f3e8) thrown at [D:\re\workspace\8-2-build-windows-amd64-cygwin\jdk8\2238\hotspot\src\share\vm\prims\jvm.cpp, line 1248]
Event: 6.209 Thread 0x00000000009de800 Exception <a 'java/security/PrivilegedActionException'> (0x0000000773a45da8) thrown at [D:\re\workspace\8-2-build-windows-amd64-cygwin\jdk8\2238\hotspot\src\share\vm\prims\jvm.cpp, line 1248]
Event: 6.211 Thread 0x00000000009de800 Exception <a 'java/security/PrivilegedActionException'> (0x0000000773a4fdd8) thrown at [D:\re\workspace\8-2-build-windows-amd64-cygwin\jdk8\2238\hotspot\src\share\vm\prims\jvm.cpp, line 1248]
Event: 6.211 Thread 0x00000000009de800 Exception <a 'java/security/PrivilegedActionException'> (0x0000000773a51e20) thrown at [D:\re\workspace\8-2-build-windows-amd64-cygwin\jdk8\2238\hotspot\src\share\vm\prims\jvm.cpp, line 1248]
Event: 6.212 Thread 0x00000000009de800 Exception <a 'java/security/PrivilegedActionException'> (0x0000000773a5c568) thrown at [D:\re\workspace\8-2-build-windows-amd64-cygwin\jdk8\2238\hotspot\src\share\vm\prims\jvm.cpp, line 1248]
Event: 12.250 Thread 0x00000000009de800 Exception <a 'java/security/PrivilegedActionException'> (0x0000000773b7c418) thrown at [D:\re\workspace\8-2-build-windows-amd64-cygwin\jdk8\2238\hotspot\src\share\vm\prims\jvm.cpp, line 1248]
Event: 12.252 Thread 0x000000001d55d000 Exception <a 'java/net/SocketException': Socket closed> (0x0000000773ba7048) thrown at [D:\re\workspace\8-2-build-windows-amd64-cygwin\jdk8\2238\hotspot\src\share\vm\prims\jni.cpp, line 742]

Events (10 events):
Event: 12.254 Thread 0x000000001d48b000 Thread exited: 0x000000001d48b000
Event: 12.255 loading class java/lang/ProcessBuilder
Event: 12.256 loading class java/lang/ProcessBuilder done
Event: 12.256 loading class java/lang/ProcessImpl
Event: 12.256 loading class java/lang/Process
Event: 12.256 loading class java/lang/Process done
Event: 12.256 loading class java/lang/ProcessImpl done
Event: 12.256 loading class java/lang/ProcessEnvironment
Event: 12.257 loading class java/lang/ProcessEnvironment done
Event: 12.257 Executing VM operation: Deoptimize


Dynamic libraries:
0x00007ff662710000 - 0x00007ff662744000 	D:\Program Files\Java\jre8\bin\javaw.exe
0x00007ffb92580000 - 0x00007ffb92729000 	C:\Windows\SYSTEM32\ntdll.dll
0x00007ffb90860000 - 0x00007ffb9099a000 	C:\Windows\system32\KERNEL32.DLL
0x00007ffb8fc00000 - 0x00007ffb8fd0f000 	C:\Windows\system32\KERNELBASE.dll
0x00007ffb92040000 - 0x00007ffb920e5000 	C:\Windows\system32\ADVAPI32.dll
0x00007ffb901f0000 - 0x00007ffb90361000 	C:\Windows\system32\USER32.dll
0x00007ffb8dac0000 - 0x00007ffb8dd1a000 	C:\Windows\WinSxS\amd64_microsoft.windows.common-controls_6595b64144ccf1df_6.0.9600.16384_none_62475f7becb72503\COMCTL32.dll
0x00007ffb92150000 - 0x00007ffb921f7000 	C:\Windows\system32\msvcrt.dll
0x00007ffb8fe10000 - 0x00007ffb8fe67000 	C:\Windows\SYSTEM32\sechost.dll
0x00007ffb8fe70000 - 0x00007ffb8ffa6000 	C:\Windows\system32\RPCRT4.dll
0x00007ffb91e40000 - 0x00007ffb91f85000 	C:\Windows\system32\GDI32.dll
0x00007ffb90150000 - 0x00007ffb90184000 	C:\Windows\system32\IMM32.DLL
0x00007ffb92440000 - 0x00007ffb92579000 	C:\Windows\system32\MSCTF.dll
0x00007ffb8f8c0000 - 0x00007ffb8f8ef000 	C:\Windows\system32\nvinitx.dll
0x000000005c200000 - 0x000000005c2d2000 	D:\Program Files\Java\jre8\bin\msvcr100.dll
0x000000005b5a0000 - 0x000000005bdca000 	D:\Program Files\Java\jre8\bin\server\jvm.dll
0x00007ffb81b10000 - 0x00007ffb81b19000 	C:\Windows\SYSTEM32\WSOCK32.dll
0x00007ffb8d5a0000 - 0x00007ffb8d5bf000 	C:\Windows\SYSTEM32\WINMM.dll
0x00007ffb909a0000 - 0x00007ffb909a7000 	C:\Windows\system32\PSAPI.DLL
0x00007ffb920f0000 - 0x00007ffb92148000 	C:\Windows\system32\WS2_32.dll
0x00007ffb8d4f0000 - 0x00007ffb8d51a000 	C:\Windows\SYSTEM32\WINMMBASE.dll
0x00007ffb90370000 - 0x00007ffb90379000 	C:\Windows\system32\NSI.dll
0x00007ffb8fd10000 - 0x00007ffb8fd5a000 	C:\Windows\SYSTEM32\cfgmgr32.dll
0x00007ffb8e760000 - 0x00007ffb8e786000 	C:\Windows\SYSTEM32\DEVOBJ.dll
0x000000005c1f0000 - 0x000000005c1ff000 	D:\Program Files\Java\jre8\bin\verify.dll
0x000000005c1c0000 - 0x000000005c1e8000 	D:\Program Files\Java\jre8\bin\java.dll
0x000000005c1a0000 - 0x000000005c1b6000 	D:\Program Files\Java\jre8\bin\zip.dll
0x00007ffb90a30000 - 0x00007ffb91e3e000 	C:\Windows\system32\SHELL32.dll
0x00007ffb90500000 - 0x00007ffb906d7000 	C:\Windows\SYSTEM32\combase.dll
0x00007ffb923e0000 - 0x00007ffb92431000 	C:\Windows\system32\SHLWAPI.dll
0x00007ffb8df00000 - 0x00007ffb8dfa1000 	C:\Windows\SYSTEM32\SHCORE.dll
0x00007ffb8f900000 - 0x00007ffb8f914000 	C:\Windows\SYSTEM32\profapi.dll
0x000000005c180000 - 0x000000005c19a000 	D:\Program Files\Java\jre8\bin\net.dll
0x00007ffb8f130000 - 0x00007ffb8f188000 	C:\Windows\system32\mswsock.dll
0x00007ffb8ef40000 - 0x00007ffb8efe3000 	C:\Windows\SYSTEM32\DNSAPI.dll
0x00007ffb8a480000 - 0x00007ffb8a489000 	C:\Windows\System32\rasadhlp.dll
0x00007ffb89210000 - 0x00007ffb89239000 	C:\Windows\SYSTEM32\IPHLPAPI.DLL
0x00007ffb89330000 - 0x00007ffb8933a000 	C:\Windows\SYSTEM32\WINNSI.DLL
0x00007ffb88f00000 - 0x00007ffb88f67000 	C:\Windows\System32\fwpuclnt.dll
0x00007ffb8f190000 - 0x00007ffb8f1ae000 	C:\Windows\SYSTEM32\CRYPTSP.dll
0x00007ffb8edd0000 - 0x00007ffb8ee05000 	C:\Windows\system32\rsaenh.dll
0x00007ffb8f3c0000 - 0x00007ffb8f3e6000 	C:\Windows\SYSTEM32\bcrypt.dll
0x00007ffb8eee0000 - 0x00007ffb8eeff000 	C:\Windows\SYSTEM32\USERENV.dll
0x00007ffb8f6e0000 - 0x00007ffb8f73e000 	C:\Windows\system32\bcryptprimitives.dll
0x00007ffb8f740000 - 0x00007ffb8f74a000 	C:\Windows\SYSTEM32\CRYPTBASE.dll
0x00007ffb7bc40000 - 0x00007ffb7bc54000 	C:\Windows\system32\napinsp.dll
0x00007ffb7bc20000 - 0x00007ffb7bc39000 	C:\Windows\system32\pnrpnsp.dll
0x00007ffb8c870000 - 0x00007ffb8c889000 	C:\Windows\system32\NLAapi.dll
0x00007ffb7bc10000 - 0x00007ffb7bc1c000 	C:\Windows\System32\winrnr.dll
0x000000005c160000 - 0x000000005c171000 	D:\Program Files\Java\jre8\bin\nio.dll
0x0000000180000000 - 0x0000000180037000 	D:\UserTemp\jna193784194660942211.dll
0x00007ffb7ed90000 - 0x00007ffb7ef18000 	C:\Windows\SYSTEM32\dbghelp.dll

VM Arguments:
jvm_args: -Dfile.encoding=Cp1252 
java_command: org.eclipse.jdt.internal.junit.runner.RemoteTestRunner -version 3 -port 64844 -testLoaderClass org.eclipse.jdt.internal.junit4.runner.JUnit4TestLoader -loaderpluginname org.eclipse.jdt.junit4.runtime -classNames gui.TaskBoxUITest
java_class_path (initial): D:\Documents\main\bin;D:\Documents\main\resource\natty.jar;D:\Documents\main\resource\json-simple-1.1.1.jar;D:\Documents\main\resource\swt.jar;D:\Documents\main\resource\google-api-client-1.18.0-rc-sources.jar;D:\Documents\main\resource\google-api-client-appengine-1.18.0-rc-sources.jar;D:\Documents\main\resource\google-api-client-servlet-1.18.0-rc-sources.jar;D:\Documents\main\resource\google-http-client-1.18.0-rc-sources.jar;D:\Documents\main\resource\google-http-client-appengine-1.18.0-rc-sources.jar;D:\Documents\main\resource\google-http-client-gson-1.18.0-rc-sources.jar;D:\Documents\main\resource\google-http-client-jackson2-1.18.0-rc-sources.jar;D:\Documents\main\resource\google-http-client-jdo-1.18.0-rc-sources.jar;D:\Documents\main\resource\google-oauth-client-1.18.0-rc-sources.jar;D:\Documents\main\resource\google-oauth-client-appengine-1.18.0-rc-sources.jar;D:\Documents\main\resource\google-oauth-client-servlet-1.18.0-rc-sources.jar;D:\Documents\main\resource\gson-2.1-sources.jar;D:\Documents\main\resource\jackson-core-2.1.3-sources.jar;D:\Documents\main\resource\jdo2-api-2.3-eb-sources.jar;D:\Documents\main\resource\google-api-client-1.18.0-rc.jar;D:\Documents\main\resource\google-api-client-appengine-1.18.0-rc.jar;D:\Documents\main\resource\google-api-client-servlet-1.18.0-rc.jar;D:\Documents\main\resource\google-http-client-1.18.0-rc.jar;D:\Documents\main\resource\google-http-client-appengine-1.18.0-rc.jar;D:\Documents\main\resource\google-http-client-gson-1.18.0-rc.jar;D:\Documents\main\resource\google-http-client-jackson2-1.18.0-rc.jar;D:\Documents\main\resource\google-http-client-jdo-1.18.0-rc.jar;D:\Documents\main\resource\google-oauth-client-1.18.0-rc.jar;D:\Documents\main\resource\google-oauth-client-appengine-1.18.0-rc.jar;D:\Documents\main\resource\google-oauth-client-servlet-1.18.0-rc.jar;D:\Documents\main\resource\gson-2.1.jar;D:\Documents\main\resource\jackson-core-2.1.3.jar;D:\Documents\main\resource\jdo2-api-2.3-e
Launcher Type: SUN_STANDARD

Environment Variables:
PATH=C:\Windows\system32;C:\Windows;C:\Windows\System32\Wbem;C:\Windows\System32\WindowsPowerShell\v1.0\;D:\Program Files\nodejs\;D:\Program Files\Java\jdk1.8.0\bin;D:\Program Files\Java\jre8\bin;C:\Program Files (x86)\Windows Kits\8.1\Windows Performance Toolkit\;C:\Program Files (x86)\Microsoft SDKs\TypeScript\1.0\;D:\Program Files\MATLAB\R2014a\runtime\win64;D:\Program Files\MATLAB\R2014a\bin;D:\Program Files\MATLAB\R2014a\polyspace\bin;D:\RailsInstaller\Git\cmd;D:\RailsInstaller\Ruby1.9.3\bin;C:\Users\Alex\AppData\Roaming\npm;.;;.;;.;
USERNAME=Alex
OS=Windows_NT
PROCESSOR_IDENTIFIER=Intel64 Family 6 Model 58 Stepping 9, GenuineIntel



---------------  S Y S T E M  ---------------

OS: Windows 8.1 , 64 bit Build 9600 

CPU:total 8 (4 cores per cpu, 2 threads per core) family 6 model 58 stepping 9, cmov, cx8, fxsr, mmx, sse, sse2, sse3, ssse3, sse4.1, sse4.2, popcnt, avx, aes, clmul, erms, ht, tsc, tscinvbit

Memory: 4k page, physical 15049064k(11071956k free), swap 30253416k(24661168k free)

vm_info: Java HotSpot(TM) 64-Bit Server VM (25.0-b70) for windows-amd64 JRE (1.8.0-b132), built on Mar  4 2014 03:46:18 by "java_re" with MS VC++ 10.0 (VS2010)

time: Mon Nov 10 06:46:38 2014
elapsed time: 12 seconds

